[Sat May 18 14:27:18.946592 2024] [ssl:warn] [pid 16484:tid 700] AH01906: main-serveur:443:0 server certificate is a CA certificate (BasicConstraints: CA == TRUE !?)
[Sat May 18 14:27:18.946592 2024] [ssl:warn] [pid 16484:tid 700] AH01909: main-serveur:443:0 server certificate does NOT include an ID which matches the server name
[Sat May 18 14:27:19.223588 2024] [ssl:warn] [pid 16484:tid 700] AH01873: Init: Session Cache is not configured [hint: SSLSessionCache]
[Sat May 18 14:27:19.223588 2024] [ssl:warn] [pid 16484:tid 700] AH01906: main-serveur:443:0 server certificate is a CA certificate (BasicConstraints: CA == TRUE !?)
[Sat May 18 14:27:19.223588 2024] [ssl:warn] [pid 16484:tid 700] AH01909: main-serveur:443:0 server certificate does NOT include an ID which matches the server name
[Sat May 18 14:27:20.149155 2024] [mpm_winnt:notice] [pid 16484:tid 700] AH00455: Apache/2.4.18 (Win32) OpenSSL/1.0.2f PHP/5.6.18 configured -- resuming normal operations
[Sat May 18 14:27:20.149155 2024] [mpm_winnt:notice] [pid 16484:tid 700] AH00456: Server built: Jan 28 2016 09:58:25
[Sat May 18 14:27:20.149155 2024] [core:notice] [pid 16484:tid 700] AH00094: Command line: 'A:\\Downloads\\UwAmp\\bin\\apache\\bin\\httpd.exe -d A:/Downloads/UwAmp/bin/apache -f A:\\Downloads\\UwAmp\\bin\\apache\\conf\\httpd.conf'
[Sat May 18 14:27:20.164805 2024] [mpm_winnt:notice] [pid 16484:tid 700] AH00418: Parent: Created child process 1480
[Sat May 18 14:27:22.263144 2024] [ssl:warn] [pid 1480:tid 444] AH01906: main-serveur:443:0 server certificate is a CA certificate (BasicConstraints: CA == TRUE !?)
[Sat May 18 14:27:22.263144 2024] [ssl:warn] [pid 1480:tid 444] AH01909: main-serveur:443:0 server certificate does NOT include an ID which matches the server name
[Sat May 18 14:27:22.481349 2024] [ssl:warn] [pid 1480:tid 444] AH01873: Init: Session Cache is not configured [hint: SSLSessionCache]
[Sat May 18 14:27:22.481349 2024] [ssl:warn] [pid 1480:tid 444] AH01906: main-serveur:443:0 server certificate is a CA certificate (BasicConstraints: CA == TRUE !?)
[Sat May 18 14:27:22.481349 2024] [ssl:warn] [pid 1480:tid 444] AH01909: main-serveur:443:0 server certificate does NOT include an ID which matches the server name
[Sat May 18 14:27:22.529913 2024] [mpm_winnt:notice] [pid 1480:tid 444] AH00354: Child: Starting 64 worker threads.
[Sat May 18 14:27:34.894861 2024] [mpm_winnt:crit] [pid 1480:tid 444] AH02538: Child: Parent process exited abruptly. Child process is ending
[Sat May 18 14:27:37.721703 2024] [ssl:warn] [pid 14276:tid 656] AH01906: main-serveur:443:0 server certificate is a CA certificate (BasicConstraints: CA == TRUE !?)
[Sat May 18 14:27:37.721703 2024] [ssl:warn] [pid 14276:tid 656] AH01909: main-serveur:443:0 server certificate does NOT include an ID which matches the server name
[Sat May 18 14:27:37.752969 2024] [core:warn] [pid 14276:tid 656] AH00098: pid file A:/Downloads/UwAmp/bin/apache/logs/httpd.pid overwritten -- Unclean shutdown of previous Apache run?
[Sat May 18 14:27:37.972536 2024] [ssl:warn] [pid 14276:tid 656] AH01873: Init: Session Cache is not configured [hint: SSLSessionCache]
[Sat May 18 14:27:37.972536 2024] [ssl:warn] [pid 14276:tid 656] AH01906: main-serveur:443:0 server certificate is a CA certificate (BasicConstraints: CA == TRUE !?)
[Sat May 18 14:27:37.972536 2024] [ssl:warn] [pid 14276:tid 656] AH01909: main-serveur:443:0 server certificate does NOT include an ID which matches the server name
[Sat May 18 14:27:38.725895 2024] [mpm_winnt:notice] [pid 14276:tid 656] AH00455: Apache/2.4.18 (Win32) OpenSSL/1.0.2f PHP/7.0.3 configured -- resuming normal operations
[Sat May 18 14:27:38.725895 2024] [mpm_winnt:notice] [pid 14276:tid 656] AH00456: Server built: Jan 28 2016 09:58:25
[Sat May 18 14:27:38.725895 2024] [core:notice] [pid 14276:tid 656] AH00094: Command line: 'A:\\Downloads\\UwAmp\\bin\\apache\\bin\\httpd.exe -d A:/Downloads/UwAmp/bin/apache -f A:\\Downloads\\UwAmp\\bin\\apache\\conf\\httpd.conf'
[Sat May 18 14:27:38.725895 2024] [mpm_winnt:notice] [pid 14276:tid 656] AH00418: Parent: Created child process 13712
[Sat May 18 14:27:40.812288 2024] [ssl:warn] [pid 13712:tid 656] AH01906: main-serveur:443:0 server certificate is a CA certificate (BasicConstraints: CA == TRUE !?)
[Sat May 18 14:27:40.812288 2024] [ssl:warn] [pid 13712:tid 656] AH01909: main-serveur:443:0 server certificate does NOT include an ID which matches the server name
[Sat May 18 14:27:41.126044 2024] [ssl:warn] [pid 13712:tid 656] AH01873: Init: Session Cache is not configured [hint: SSLSessionCache]
[Sat May 18 14:27:41.126044 2024] [ssl:warn] [pid 13712:tid 656] AH01906: main-serveur:443:0 server certificate is a CA certificate (BasicConstraints: CA == TRUE !?)
[Sat May 18 14:27:41.126044 2024] [ssl:warn] [pid 13712:tid 656] AH01909: main-serveur:443:0 server certificate does NOT include an ID which matches the server name
[Sat May 18 14:27:41.172920 2024] [mpm_winnt:notice] [pid 13712:tid 656] AH00354: Child: Starting 64 worker threads.
[Sat May 18 14:28:24.905836 2024] [mpm_winnt:crit] [pid 13712:tid 656] AH02538: Child: Parent process exited abruptly. Child process is ending
[Sat May 18 14:28:27.438776 2024] [ssl:warn] [pid 16392:tid 644] AH01906: main-serveur:443:0 server certificate is a CA certificate (BasicConstraints: CA == TRUE !?)
[Sat May 18 14:28:27.438776 2024] [ssl:warn] [pid 16392:tid 644] AH01909: main-serveur:443:0 server certificate does NOT include an ID which matches the server name
[Sat May 18 14:28:27.479557 2024] [core:warn] [pid 16392:tid 644] AH00098: pid file A:/Downloads/UwAmp/bin/apache/logs/httpd.pid overwritten -- Unclean shutdown of previous Apache run?
[Sat May 18 14:28:27.639242 2024] [ssl:warn] [pid 16392:tid 644] AH01873: Init: Session Cache is not configured [hint: SSLSessionCache]
[Sat May 18 14:28:27.639242 2024] [ssl:warn] [pid 16392:tid 644] AH01906: main-serveur:443:0 server certificate is a CA certificate (BasicConstraints: CA == TRUE !?)
[Sat May 18 14:28:27.639242 2024] [ssl:warn] [pid 16392:tid 644] AH01909: main-serveur:443:0 server certificate does NOT include an ID which matches the server name
[Sat May 18 14:28:27.667890 2024] [mpm_winnt:notice] [pid 16392:tid 644] AH00455: Apache/2.4.18 (Win32) OpenSSL/1.0.2f PHP/7.0.3 configured -- resuming normal operations
[Sat May 18 14:28:27.667890 2024] [mpm_winnt:notice] [pid 16392:tid 644] AH00456: Server built: Jan 28 2016 09:58:25
[Sat May 18 14:28:27.667890 2024] [core:notice] [pid 16392:tid 644] AH00094: Command line: 'A:\\Downloads\\UwAmp\\bin\\apache\\bin\\httpd.exe -d A:/Downloads/UwAmp/bin/apache -f A:\\Downloads\\UwAmp\\bin\\apache\\conf\\httpd.conf'
[Sat May 18 14:28:27.683526 2024] [mpm_winnt:notice] [pid 16392:tid 644] AH00418: Parent: Created child process 1940
[Sat May 18 14:28:29.393170 2024] [ssl:warn] [pid 1940:tid 628] AH01906: main-serveur:443:0 server certificate is a CA certificate (BasicConstraints: CA == TRUE !?)
[Sat May 18 14:28:29.393170 2024] [ssl:warn] [pid 1940:tid 628] AH01909: main-serveur:443:0 server certificate does NOT include an ID which matches the server name
[Sat May 18 14:28:29.612760 2024] [ssl:warn] [pid 1940:tid 628] AH01873: Init: Session Cache is not configured [hint: SSLSessionCache]
[Sat May 18 14:28:29.612760 2024] [ssl:warn] [pid 1940:tid 628] AH01906: main-serveur:443:0 server certificate is a CA certificate (BasicConstraints: CA == TRUE !?)
[Sat May 18 14:28:29.612760 2024] [ssl:warn] [pid 1940:tid 628] AH01909: main-serveur:443:0 server certificate does NOT include an ID which matches the server name
[Sat May 18 14:28:29.660051 2024] [mpm_winnt:notice] [pid 1940:tid 628] AH00354: Child: Starting 64 worker threads.
[Sat May 18 14:28:38.900715 2024] [mpm_winnt:crit] [pid 1940:tid 628] AH02538: Child: Parent process exited abruptly. Child process is ending
[Sat May 18 14:28:41.588478 2024] [ssl:warn] [pid 1732:tid 664] AH01906: main-serveur:443:0 server certificate is a CA certificate (BasicConstraints: CA == TRUE !?)
[Sat May 18 14:28:41.588478 2024] [ssl:warn] [pid 1732:tid 664] AH01909: main-serveur:443:0 server certificate does NOT include an ID which matches the server name
[Sat May 18 14:28:41.729500 2024] [core:warn] [pid 1732:tid 664] AH00098: pid file A:/Downloads/UwAmp/bin/apache/logs/httpd.pid overwritten -- Unclean shutdown of previous Apache run?
[Sat May 18 14:28:41.933447 2024] [ssl:warn] [pid 1732:tid 664] AH01873: Init: Session Cache is not configured [hint: SSLSessionCache]
[Sat May 18 14:28:41.933447 2024] [ssl:warn] [pid 1732:tid 664] AH01906: main-serveur:443:0 server certificate is a CA certificate (BasicConstraints: CA == TRUE !?)
[Sat May 18 14:28:41.933447 2024] [ssl:warn] [pid 1732:tid 664] AH01909: main-serveur:443:0 server certificate does NOT include an ID which matches the server name
[Sat May 18 14:28:41.980224 2024] [mpm_winnt:notice] [pid 1732:tid 664] AH00455: Apache/2.4.18 (Win32) OpenSSL/1.0.2f PHP/7.0.3 configured -- resuming normal operations
[Sat May 18 14:28:41.980224 2024] [mpm_winnt:notice] [pid 1732:tid 664] AH00456: Server built: Jan 28 2016 09:58:25
[Sat May 18 14:28:41.980224 2024] [core:notice] [pid 1732:tid 664] AH00094: Command line: 'A:\\Downloads\\UwAmp\\bin\\apache\\bin\\httpd.exe -d A:/Downloads/UwAmp/bin/apache -f A:\\Downloads\\UwAmp\\bin\\apache\\conf\\httpd.conf'
[Sat May 18 14:28:41.980224 2024] [mpm_winnt:notice] [pid 1732:tid 664] AH00418: Parent: Created child process 6576
[Sat May 18 14:28:43.926393 2024] [ssl:warn] [pid 6576:tid 644] AH01906: main-serveur:443:0 server certificate is a CA certificate (BasicConstraints: CA == TRUE !?)
[Sat May 18 14:28:43.926393 2024] [ssl:warn] [pid 6576:tid 644] AH01909: main-serveur:443:0 server certificate does NOT include an ID which matches the server name
[Sat May 18 14:28:44.169123 2024] [ssl:warn] [pid 6576:tid 644] AH01873: Init: Session Cache is not configured [hint: SSLSessionCache]
[Sat May 18 14:28:44.169123 2024] [ssl:warn] [pid 6576:tid 644] AH01906: main-serveur:443:0 server certificate is a CA certificate (BasicConstraints: CA == TRUE !?)
[Sat May 18 14:28:44.169123 2024] [ssl:warn] [pid 6576:tid 644] AH01909: main-serveur:443:0 server certificate does NOT include an ID which matches the server name
[Sat May 18 14:28:44.208901 2024] [mpm_winnt:notice] [pid 6576:tid 644] AH00354: Child: Starting 64 worker threads.
[Sat May 18 14:30:16.408000 2024] [mpm_winnt:crit] [pid 6576:tid 644] AH02538: Child: Parent process exited abruptly. Child process is ending
[Sat May 18 14:30:18.987372 2024] [ssl:warn] [pid 15452:tid 660] AH01906: main-serveur:443:0 server certificate is a CA certificate (BasicConstraints: CA == TRUE !?)
[Sat May 18 14:30:19.159675 2024] [ssl:warn] [pid 15452:tid 660] AH01909: main-serveur:443:0 server certificate does NOT include an ID which matches the server name
[Sat May 18 14:30:19.253836 2024] [core:warn] [pid 15452:tid 660] AH00098: pid file A:/Downloads/UwAmp/bin/apache/logs/httpd.pid overwritten -- Unclean shutdown of previous Apache run?
[Sat May 18 14:30:19.442152 2024] [ssl:warn] [pid 15452:tid 660] AH01873: Init: Session Cache is not configured [hint: SSLSessionCache]
[Sat May 18 14:30:19.442152 2024] [ssl:warn] [pid 15452:tid 660] AH01906: main-serveur:443:0 server certificate is a CA certificate (BasicConstraints: CA == TRUE !?)
[Sat May 18 14:30:19.442152 2024] [ssl:warn] [pid 15452:tid 660] AH01909: main-serveur:443:0 server certificate does NOT include an ID which matches the server name
[Sat May 18 14:30:19.489418 2024] [mpm_winnt:notice] [pid 15452:tid 660] AH00455: Apache/2.4.18 (Win32) OpenSSL/1.0.2f PHP/7.0.3 configured -- resuming normal operations
[Sat May 18 14:30:19.489418 2024] [mpm_winnt:notice] [pid 15452:tid 660] AH00456: Server built: Jan 28 2016 09:58:25
[Sat May 18 14:30:19.489418 2024] [core:notice] [pid 15452:tid 660] AH00094: Command line: 'A:\\Downloads\\UwAmp\\bin\\apache\\bin\\httpd.exe -d A:/Downloads/UwAmp/bin/apache -f A:\\Downloads\\UwAmp\\bin\\apache\\conf\\httpd.conf'
[Sat May 18 14:30:19.489418 2024] [mpm_winnt:notice] [pid 15452:tid 660] AH00418: Parent: Created child process 17112
[Sat May 18 14:30:21.188054 2024] [ssl:warn] [pid 17112:tid 620] AH01906: main-serveur:443:0 server certificate is a CA certificate (BasicConstraints: CA == TRUE !?)
[Sat May 18 14:30:21.188054 2024] [ssl:warn] [pid 17112:tid 620] AH01909: main-serveur:443:0 server certificate does NOT include an ID which matches the server name
[Sat May 18 14:30:21.375981 2024] [ssl:warn] [pid 17112:tid 620] AH01873: Init: Session Cache is not configured [hint: SSLSessionCache]
[Sat May 18 14:30:21.378991 2024] [ssl:warn] [pid 17112:tid 620] AH01906: main-serveur:443:0 server certificate is a CA certificate (BasicConstraints: CA == TRUE !?)
[Sat May 18 14:30:21.378991 2024] [ssl:warn] [pid 17112:tid 620] AH01909: main-serveur:443:0 server certificate does NOT include an ID which matches the server name
[Sat May 18 14:30:21.407651 2024] [mpm_winnt:notice] [pid 17112:tid 620] AH00354: Child: Starting 64 worker threads.
[Sat May 18 14:30:25.913177 2024] [mpm_winnt:crit] [pid 17112:tid 620] AH02538: Child: Parent process exited abruptly. Child process is ending
[Sat May 18 14:30:28.586806 2024] [ssl:warn] [pid 18412:tid 660] AH01906: main-serveur:443:0 server certificate is a CA certificate (BasicConstraints: CA == TRUE !?)
[Sat May 18 14:30:28.586806 2024] [ssl:warn] [pid 18412:tid 660] AH01909: main-serveur:443:0 server certificate does NOT include an ID which matches the server name
[Sat May 18 14:30:28.618070 2024] [core:warn] [pid 18412:tid 660] AH00098: pid file A:/Downloads/UwAmp/bin/apache/logs/httpd.pid overwritten -- Unclean shutdown of previous Apache run?
[Sat May 18 14:30:28.790773 2024] [ssl:warn] [pid 18412:tid 660] AH01873: Init: Session Cache is not configured [hint: SSLSessionCache]
[Sat May 18 14:30:28.790773 2024] [ssl:warn] [pid 18412:tid 660] AH01906: main-serveur:443:0 server certificate is a CA certificate (BasicConstraints: CA == TRUE !?)
[Sat May 18 14:30:28.790773 2024] [ssl:warn] [pid 18412:tid 660] AH01909: main-serveur:443:0 server certificate does NOT include an ID which matches the server name
[Sat May 18 14:30:28.837650 2024] [mpm_winnt:notice] [pid 18412:tid 660] AH00455: Apache/2.4.18 (Win32) OpenSSL/1.0.2f PHP/7.0.3 configured -- resuming normal operations
[Sat May 18 14:30:28.837650 2024] [mpm_winnt:notice] [pid 18412:tid 660] AH00456: Server built: Jan 28 2016 09:58:25
[Sat May 18 14:30:28.837650 2024] [core:notice] [pid 18412:tid 660] AH00094: Command line: 'A:\\Downloads\\UwAmp\\bin\\apache\\bin\\httpd.exe -d A:/Downloads/UwAmp/bin/apache -f A:\\Downloads\\UwAmp\\bin\\apache\\conf\\httpd.conf'
[Sat May 18 14:30:28.837650 2024] [mpm_winnt:notice] [pid 18412:tid 660] AH00418: Parent: Created child process 16048
[Sat May 18 14:30:30.579733 2024] [ssl:warn] [pid 16048:tid 636] AH01906: main-serveur:443:0 server certificate is a CA certificate (BasicConstraints: CA == TRUE !?)
[Sat May 18 14:30:30.579733 2024] [ssl:warn] [pid 16048:tid 636] AH01909: main-serveur:443:0 server certificate does NOT include an ID which matches the server name
[Sat May 18 14:30:30.783686 2024] [ssl:warn] [pid 16048:tid 636] AH01873: Init: Session Cache is not configured [hint: SSLSessionCache]
[Sat May 18 14:30:30.783686 2024] [ssl:warn] [pid 16048:tid 636] AH01906: main-serveur:443:0 server certificate is a CA certificate (BasicConstraints: CA == TRUE !?)
[Sat May 18 14:30:30.783686 2024] [ssl:warn] [pid 16048:tid 636] AH01909: main-serveur:443:0 server certificate does NOT include an ID which matches the server name
[Sat May 18 14:30:30.830575 2024] [mpm_winnt:notice] [pid 16048:tid 636] AH00354: Child: Starting 64 worker threads.
[Sat May 18 14:30:44.426068 2024] [mpm_winnt:crit] [pid 16048:tid 636] AH02538: Child: Parent process exited abruptly. Child process is ending
[Sat May 18 14:30:47.011795 2024] [ssl:warn] [pid 18908:tid 652] AH01906: main-serveur:443:0 server certificate is a CA certificate (BasicConstraints: CA == TRUE !?)
[Sat May 18 14:30:47.020804 2024] [ssl:warn] [pid 18908:tid 652] AH01909: main-serveur:443:0 server certificate does NOT include an ID which matches the server name
[Sat May 18 14:30:47.067691 2024] [core:warn] [pid 18908:tid 652] AH00098: pid file A:/Downloads/UwAmp/bin/apache/logs/httpd.pid overwritten -- Unclean shutdown of previous Apache run?
[Sat May 18 14:30:47.224777 2024] [ssl:warn] [pid 18908:tid 652] AH01873: Init: Session Cache is not configured [hint: SSLSessionCache]
[Sat May 18 14:30:47.224777 2024] [ssl:warn] [pid 18908:tid 652] AH01906: main-serveur:443:0 server certificate is a CA certificate (BasicConstraints: CA == TRUE !?)
[Sat May 18 14:30:47.224777 2024] [ssl:warn] [pid 18908:tid 652] AH01909: main-serveur:443:0 server certificate does NOT include an ID which matches the server name
[Sat May 18 14:30:47.256028 2024] [mpm_winnt:notice] [pid 18908:tid 652] AH00455: Apache/2.4.18 (Win32) OpenSSL/1.0.2f PHP/7.0.3 configured -- resuming normal operations
[Sat May 18 14:30:47.256028 2024] [mpm_winnt:notice] [pid 18908:tid 652] AH00456: Server built: Jan 28 2016 09:58:25
[Sat May 18 14:30:47.256028 2024] [core:notice] [pid 18908:tid 652] AH00094: Command line: 'A:\\Downloads\\UwAmp\\bin\\apache\\bin\\httpd.exe -d A:/Downloads/UwAmp/bin/apache -f A:\\Downloads\\UwAmp\\bin\\apache\\conf\\httpd.conf'
[Sat May 18 14:30:47.271652 2024] [mpm_winnt:notice] [pid 18908:tid 652] AH00418: Parent: Created child process 15924
[Sat May 18 14:30:48.934442 2024] [ssl:warn] [pid 15924:tid 652] AH01906: main-serveur:443:0 server certificate is a CA certificate (BasicConstraints: CA == TRUE !?)
[Sat May 18 14:30:48.950067 2024] [ssl:warn] [pid 15924:tid 652] AH01909: main-serveur:443:0 server certificate does NOT include an ID which matches the server name
[Sat May 18 14:30:49.138403 2024] [ssl:warn] [pid 15924:tid 652] AH01873: Init: Session Cache is not configured [hint: SSLSessionCache]
[Sat May 18 14:30:49.138403 2024] [ssl:warn] [pid 15924:tid 652] AH01906: main-serveur:443:0 server certificate is a CA certificate (BasicConstraints: CA == TRUE !?)
[Sat May 18 14:30:49.138403 2024] [ssl:warn] [pid 15924:tid 652] AH01909: main-serveur:443:0 server certificate does NOT include an ID which matches the server name
[Sat May 18 14:30:49.169652 2024] [mpm_winnt:notice] [pid 15924:tid 652] AH00354: Child: Starting 64 worker threads.
[Sat May 18 14:30:56.437161 2024] [mpm_winnt:crit] [pid 15924:tid 652] AH02538: Child: Parent process exited abruptly. Child process is ending
[Sat May 18 14:30:59.019386 2024] [ssl:warn] [pid 13624:tid 640] AH01906: main-serveur:443:0 server certificate is a CA certificate (BasicConstraints: CA == TRUE !?)
[Sat May 18 14:30:59.019386 2024] [ssl:warn] [pid 13624:tid 640] AH01909: main-serveur:443:0 server certificate does NOT include an ID which matches the server name
[Sat May 18 14:30:59.050652 2024] [core:warn] [pid 13624:tid 640] AH00098: pid file A:/Downloads/UwAmp/bin/apache/logs/httpd.pid overwritten -- Unclean shutdown of previous Apache run?
[Sat May 18 14:30:59.223339 2024] [ssl:warn] [pid 13624:tid 640] AH01873: Init: Session Cache is not configured [hint: SSLSessionCache]
[Sat May 18 14:30:59.223339 2024] [ssl:warn] [pid 13624:tid 640] AH01906: main-serveur:443:0 server certificate is a CA certificate (BasicConstraints: CA == TRUE !?)
[Sat May 18 14:30:59.223339 2024] [ssl:warn] [pid 13624:tid 640] AH01909: main-serveur:443:0 server certificate does NOT include an ID which matches the server name
[Sat May 18 14:30:59.270210 2024] [mpm_winnt:notice] [pid 13624:tid 640] AH00455: Apache/2.4.18 (Win32) OpenSSL/1.0.2f PHP/7.0.3 configured -- resuming normal operations
[Sat May 18 14:30:59.270210 2024] [mpm_winnt:notice] [pid 13624:tid 640] AH00456: Server built: Jan 28 2016 09:58:25
[Sat May 18 14:30:59.270210 2024] [core:notice] [pid 13624:tid 640] AH00094: Command line: 'A:\\Downloads\\UwAmp\\bin\\apache\\bin\\httpd.exe -d A:/Downloads/UwAmp/bin/apache -f A:\\Downloads\\UwAmp\\bin\\apache\\conf\\httpd.conf'
[Sat May 18 14:30:59.285836 2024] [mpm_winnt:notice] [pid 13624:tid 640] AH00418: Parent: Created child process 11136
[Sat May 18 14:31:00.948638 2024] [ssl:warn] [pid 11136:tid 648] AH01906: main-serveur:443:0 server certificate is a CA certificate (BasicConstraints: CA == TRUE !?)
[Sat May 18 14:31:00.948638 2024] [ssl:warn] [pid 11136:tid 648] AH01909: main-serveur:443:0 server certificate does NOT include an ID which matches the server name
[Sat May 18 14:31:01.136963 2024] [ssl:warn] [pid 11136:tid 648] AH01873: Init: Session Cache is not configured [hint: SSLSessionCache]
[Sat May 18 14:31:01.136963 2024] [ssl:warn] [pid 11136:tid 648] AH01906: main-serveur:443:0 server certificate is a CA certificate (BasicConstraints: CA == TRUE !?)
[Sat May 18 14:31:01.136963 2024] [ssl:warn] [pid 11136:tid 648] AH01909: main-serveur:443:0 server certificate does NOT include an ID which matches the server name
[Sat May 18 14:31:01.183833 2024] [mpm_winnt:notice] [pid 11136:tid 648] AH00354: Child: Starting 64 worker threads.
[Sat May 18 14:31:39.455490 2024] [mpm_winnt:crit] [pid 11136:tid 648] AH02538: Child: Parent process exited abruptly. Child process is ending
[Sat May 18 14:31:42.021748 2024] [ssl:warn] [pid 3800:tid 644] AH01906: main-serveur:443:0 server certificate is a CA certificate (BasicConstraints: CA == TRUE !?)
[Sat May 18 14:31:42.021748 2024] [ssl:warn] [pid 3800:tid 644] AH01909: main-serveur:443:0 server certificate does NOT include an ID which matches the server name
[Sat May 18 14:31:42.053502 2024] [core:warn] [pid 3800:tid 644] AH00098: pid file A:/Downloads/UwAmp/bin/apache/logs/httpd.pid overwritten -- Unclean shutdown of previous Apache run?
[Sat May 18 14:31:42.210185 2024] [ssl:warn] [pid 3800:tid 644] AH01873: Init: Session Cache is not configured [hint: SSLSessionCache]
[Sat May 18 14:31:42.210185 2024] [ssl:warn] [pid 3800:tid 644] AH01906: main-serveur:443:0 server certificate is a CA certificate (BasicConstraints: CA == TRUE !?)
[Sat May 18 14:31:42.210185 2024] [ssl:warn] [pid 3800:tid 644] AH01909: main-serveur:443:0 server certificate does NOT include an ID which matches the server name
[Sat May 18 14:31:42.241846 2024] [mpm_winnt:notice] [pid 3800:tid 644] AH00455: Apache/2.4.18 (Win32) OpenSSL/1.0.2f PHP/7.0.3 configured -- resuming normal operations
[Sat May 18 14:31:42.241846 2024] [mpm_winnt:notice] [pid 3800:tid 644] AH00456: Server built: Jan 28 2016 09:58:25
[Sat May 18 14:31:42.241846 2024] [core:notice] [pid 3800:tid 644] AH00094: Command line: 'A:\\Downloads\\UwAmp\\bin\\apache\\bin\\httpd.exe -d A:/Downloads/UwAmp/bin/apache -f A:\\Downloads\\UwAmp\\bin\\apache\\conf\\httpd.conf'
[Sat May 18 14:31:42.241846 2024] [mpm_winnt:notice] [pid 3800:tid 644] AH00418: Parent: Created child process 4532
[Sat May 18 14:31:43.951996 2024] [ssl:warn] [pid 4532:tid 656] AH01906: main-serveur:443:0 server certificate is a CA certificate (BasicConstraints: CA == TRUE !?)
[Sat May 18 14:31:43.951996 2024] [ssl:warn] [pid 4532:tid 656] AH01909: main-serveur:443:0 server certificate does NOT include an ID which matches the server name
[Sat May 18 14:31:44.155957 2024] [ssl:warn] [pid 4532:tid 656] AH01873: Init: Session Cache is not configured [hint: SSLSessionCache]
[Sat May 18 14:31:44.155957 2024] [ssl:warn] [pid 4532:tid 656] AH01906: main-serveur:443:0 server certificate is a CA certificate (BasicConstraints: CA == TRUE !?)
[Sat May 18 14:31:44.155957 2024] [ssl:warn] [pid 4532:tid 656] AH01909: main-serveur:443:0 server certificate does NOT include an ID which matches the server name
[Sat May 18 14:31:44.187223 2024] [mpm_winnt:notice] [pid 4532:tid 656] AH00354: Child: Starting 64 worker threads.
[Sat May 18 14:32:51.497684 2024] [mpm_winnt:crit] [pid 4532:tid 656] AH02538: Child: Parent process exited abruptly. Child process is ending
[Sat May 18 14:32:54.067614 2024] [ssl:warn] [pid 7448:tid 652] AH01906: main-serveur:443:0 server certificate is a CA certificate (BasicConstraints: CA == TRUE !?)
[Sat May 18 14:32:54.067614 2024] [ssl:warn] [pid 7448:tid 652] AH01909: main-serveur:443:0 server certificate does NOT include an ID which matches the server name
[Sat May 18 14:32:54.341767 2024] [core:warn] [pid 7448:tid 652] AH00098: pid file A:/Downloads/UwAmp/bin/apache/logs/httpd.pid overwritten -- Unclean shutdown of previous Apache run?
[Sat May 18 14:32:54.530053 2024] [ssl:warn] [pid 7448:tid 652] AH01873: Init: Session Cache is not configured [hint: SSLSessionCache]
[Sat May 18 14:32:54.530053 2024] [ssl:warn] [pid 7448:tid 652] AH01906: main-serveur:443:0 server certificate is a CA certificate (BasicConstraints: CA == TRUE !?)
[Sat May 18 14:32:54.530053 2024] [ssl:warn] [pid 7448:tid 652] AH01909: main-serveur:443:0 server certificate does NOT include an ID which matches the server name
[Sat May 18 14:32:54.576938 2024] [mpm_winnt:notice] [pid 7448:tid 652] AH00455: Apache/2.4.18 (Win32) OpenSSL/1.0.2f PHP/7.0.3 configured -- resuming normal operations
[Sat May 18 14:32:54.576938 2024] [mpm_winnt:notice] [pid 7448:tid 652] AH00456: Server built: Jan 28 2016 09:58:25
[Sat May 18 14:32:54.576938 2024] [core:notice] [pid 7448:tid 652] AH00094: Command line: 'A:\\Downloads\\UwAmp\\bin\\apache\\bin\\httpd.exe -d A:/Downloads/UwAmp/bin/apache -f A:\\Downloads\\UwAmp\\bin\\apache\\conf\\httpd.conf'
[Sat May 18 14:32:54.592565 2024] [mpm_winnt:notice] [pid 7448:tid 652] AH00418: Parent: Created child process 14892
[Sat May 18 14:32:56.397294 2024] [ssl:warn] [pid 14892:tid 652] AH01906: main-serveur:443:0 server certificate is a CA certificate (BasicConstraints: CA == TRUE !?)
[Sat May 18 14:32:56.397294 2024] [ssl:warn] [pid 14892:tid 652] AH01909: main-serveur:443:0 server certificate does NOT include an ID which matches the server name
[Sat May 18 14:32:56.585640 2024] [ssl:warn] [pid 14892:tid 652] AH01873: Init: Session Cache is not configured [hint: SSLSessionCache]
[Sat May 18 14:32:56.585640 2024] [ssl:warn] [pid 14892:tid 652] AH01906: main-serveur:443:0 server certificate is a CA certificate (BasicConstraints: CA == TRUE !?)
[Sat May 18 14:32:56.585640 2024] [ssl:warn] [pid 14892:tid 652] AH01909: main-serveur:443:0 server certificate does NOT include an ID which matches the server name
[Sat May 18 14:32:56.632917 2024] [mpm_winnt:notice] [pid 14892:tid 652] AH00354: Child: Starting 64 worker threads.
[Sat May 18 14:33:02.502883 2024] [mpm_winnt:crit] [pid 14892:tid 652] AH02538: Child: Parent process exited abruptly. Child process is ending
[Sat May 18 14:33:05.110060 2024] [ssl:warn] [pid 17300:tid 652] AH01906: main-serveur:443:0 server certificate is a CA certificate (BasicConstraints: CA == TRUE !?)
[Sat May 18 14:33:05.110060 2024] [ssl:warn] [pid 17300:tid 652] AH01909: main-serveur:443:0 server certificate does NOT include an ID which matches the server name
[Sat May 18 14:33:05.141312 2024] [core:warn] [pid 17300:tid 652] AH00098: pid file A:/Downloads/UwAmp/bin/apache/logs/httpd.pid overwritten -- Unclean shutdown of previous Apache run?
[Sat May 18 14:33:05.298389 2024] [ssl:warn] [pid 17300:tid 652] AH01873: Init: Session Cache is not configured [hint: SSLSessionCache]
[Sat May 18 14:33:05.298389 2024] [ssl:warn] [pid 17300:tid 652] AH01906: main-serveur:443:0 server certificate is a CA certificate (BasicConstraints: CA == TRUE !?)
[Sat May 18 14:33:05.298389 2024] [ssl:warn] [pid 17300:tid 652] AH01909: main-serveur:443:0 server certificate does NOT include an ID which matches the server name
[Sat May 18 14:33:05.345264 2024] [mpm_winnt:notice] [pid 17300:tid 652] AH00455: Apache/2.4.18 (Win32) OpenSSL/1.0.2f PHP/7.0.3 configured -- resuming normal operations
[Sat May 18 14:33:05.345264 2024] [mpm_winnt:notice] [pid 17300:tid 652] AH00456: Server built: Jan 28 2016 09:58:25
[Sat May 18 14:33:05.345264 2024] [core:notice] [pid 17300:tid 652] AH00094: Command line: 'A:\\Downloads\\UwAmp\\bin\\apache\\bin\\httpd.exe -d A:/Downloads/UwAmp/bin/apache -f A:\\Downloads\\UwAmp\\bin\\apache\\conf\\httpd.conf'
[Sat May 18 14:33:05.345264 2024] [mpm_winnt:notice] [pid 17300:tid 652] AH00418: Parent: Created child process 12644
[Sat May 18 14:33:07.024370 2024] [ssl:warn] [pid 12644:tid 520] AH01906: main-serveur:443:0 server certificate is a CA certificate (BasicConstraints: CA == TRUE !?)
[Sat May 18 14:33:07.024370 2024] [ssl:warn] [pid 12644:tid 520] AH01909: main-serveur:443:0 server certificate does NOT include an ID which matches the server name
[Sat May 18 14:33:07.212704 2024] [ssl:warn] [pid 12644:tid 520] AH01873: Init: Session Cache is not configured [hint: SSLSessionCache]
[Sat May 18 14:33:07.212704 2024] [ssl:warn] [pid 12644:tid 520] AH01906: main-serveur:443:0 server certificate is a CA certificate (BasicConstraints: CA == TRUE !?)
[Sat May 18 14:33:07.212704 2024] [ssl:warn] [pid 12644:tid 520] AH01909: main-serveur:443:0 server certificate does NOT include an ID which matches the server name
[Sat May 18 14:33:07.259577 2024] [mpm_winnt:notice] [pid 12644:tid 520] AH00354: Child: Starting 64 worker threads.
[Sat May 18 14:37:12.734955 2024] [mpm_winnt:crit] [pid 12644:tid 520] AH02538: Child: Parent process exited abruptly. Child process is ending
[Sat May 18 14:42:23.302250 2024] [ssl:warn] [pid 13964:tid 652] AH01906: main-serveur:443:0 server certificate is a CA certificate (BasicConstraints: CA == TRUE !?)
[Sat May 18 14:42:23.302250 2024] [ssl:warn] [pid 13964:tid 652] AH01909: main-serveur:443:0 server certificate does NOT include an ID which matches the server name
[Sat May 18 14:42:23.349530 2024] [core:warn] [pid 13964:tid 652] AH00098: pid file A:/Downloads/UwAmp/bin/apache/logs/httpd.pid overwritten -- Unclean shutdown of previous Apache run?
[Sat May 18 14:42:23.506191 2024] [ssl:warn] [pid 13964:tid 652] AH01873: Init: Session Cache is not configured [hint: SSLSessionCache]
[Sat May 18 14:42:23.506191 2024] [ssl:warn] [pid 13964:tid 652] AH01906: main-serveur:443:0 server certificate is a CA certificate (BasicConstraints: CA == TRUE !?)
[Sat May 18 14:42:23.506191 2024] [ssl:warn] [pid 13964:tid 652] AH01909: main-serveur:443:0 server certificate does NOT include an ID which matches the server name
[Sat May 18 14:42:23.537855 2024] [mpm_winnt:notice] [pid 13964:tid 652] AH00455: Apache/2.4.18 (Win32) OpenSSL/1.0.2f PHP/7.0.3 configured -- resuming normal operations
[Sat May 18 14:42:23.537855 2024] [mpm_winnt:notice] [pid 13964:tid 652] AH00456: Server built: Jan 28 2016 09:58:25
[Sat May 18 14:42:23.537855 2024] [core:notice] [pid 13964:tid 652] AH00094: Command line: 'A:\\Downloads\\UwAmp\\bin\\apache\\bin\\httpd.exe -d A:/Downloads/UwAmp/bin/apache -f A:\\Downloads\\UwAmp\\bin\\apache\\conf\\httpd.conf'
[Sat May 18 14:42:23.553484 2024] [mpm_winnt:notice] [pid 13964:tid 652] AH00418: Parent: Created child process 268
[Sat May 18 14:42:25.231912 2024] [ssl:warn] [pid 268:tid 644] AH01906: main-serveur:443:0 server certificate is a CA certificate (BasicConstraints: CA == TRUE !?)
[Sat May 18 14:42:25.231912 2024] [ssl:warn] [pid 268:tid 644] AH01909: main-serveur:443:0 server certificate does NOT include an ID which matches the server name
[Sat May 18 14:42:25.574083 2024] [ssl:warn] [pid 268:tid 644] AH01873: Init: Session Cache is not configured [hint: SSLSessionCache]
[Sat May 18 14:42:25.574083 2024] [ssl:warn] [pid 268:tid 644] AH01906: main-serveur:443:0 server certificate is a CA certificate (BasicConstraints: CA == TRUE !?)
[Sat May 18 14:42:25.574083 2024] [ssl:warn] [pid 268:tid 644] AH01909: main-serveur:443:0 server certificate does NOT include an ID which matches the server name
[Sat May 18 14:42:25.636987 2024] [mpm_winnt:notice] [pid 268:tid 644] AH00354: Child: Starting 64 worker threads.
[Sat May 18 14:57:05.657288 2024] [:error] [pid 268:tid 1380] [client ::1:62348] PHP Parse error:  syntax error, unexpected '", (select md5("' (T_CONSTANT_ENCAPSED_STRING), expecting ',' or ')' in A:\\Downloads\\UwAmp\\www\\Controller\\comandos.php on line 11, referer: http://localhost/
[Sat May 18 14:57:12.990689 2024] [:error] [pid 268:tid 1380] [client ::1:62362] PHP Parse error:  syntax error, unexpected '", (select md5("' (T_CONSTANT_ENCAPSED_STRING), expecting ',' or ')' in A:\\Downloads\\UwAmp\\www\\Controller\\comandos.php on line 11, referer: http://localhost/
[Sat May 18 14:57:23.997782 2024] [:error] [pid 268:tid 1380] [client ::1:62365] PHP Parse error:  syntax error, unexpected '", (select md5("' (T_CONSTANT_ENCAPSED_STRING), expecting ',' or ')' in A:\\Downloads\\UwAmp\\www\\Controller\\comandos.php on line 11, referer: http://localhost/
[Sat May 18 14:57:45.841658 2024] [:error] [pid 268:tid 1380] [client ::1:62382] PHP Parse error:  syntax error, unexpected '", (select md5("' (T_CONSTANT_ENCAPSED_STRING), expecting ',' or ')' in A:\\Downloads\\UwAmp\\www\\Controller\\comandos.php on line 11, referer: http://localhost/
[Sat May 18 14:57:52.410893 2024] [:error] [pid 268:tid 1380] [client ::1:62384] PHP Parse error:  syntax error, unexpected '", (select md5("' (T_CONSTANT_ENCAPSED_STRING), expecting ',' or ')' in A:\\Downloads\\UwAmp\\www\\Controller\\comandos.php on line 11, referer: http://localhost/
[Sat May 18 14:57:55.995699 2024] [:error] [pid 268:tid 1380] [client ::1:62384] PHP Parse error:  syntax error, unexpected '", (select md5("' (T_CONSTANT_ENCAPSED_STRING), expecting ',' or ')' in A:\\Downloads\\UwAmp\\www\\Controller\\comandos.php on line 11, referer: http://localhost/
[Sat May 18 14:58:05.632838 2024] [:error] [pid 268:tid 1380] [client ::1:62388] PHP Parse error:  syntax error, unexpected '", (select md5("' (T_CONSTANT_ENCAPSED_STRING), expecting ',' or ')' in A:\\Downloads\\UwAmp\\www\\Controller\\comandos.php on line 11, referer: http://localhost/
[Sat May 18 14:58:09.294396 2024] [:error] [pid 268:tid 1380] [client ::1:62388] PHP Parse error:  syntax error, unexpected '", (select md5("' (T_CONSTANT_ENCAPSED_STRING), expecting ',' or ')' in A:\\Downloads\\UwAmp\\www\\Controller\\comandos.php on line 11, referer: http://localhost/
[Sat May 18 14:59:02.422249 2024] [:error] [pid 268:tid 1380] [client ::1:62404] PHP Parse error:  syntax error, unexpected '", (select md5("' (T_CONSTANT_ENCAPSED_STRING), expecting ',' or ')' in A:\\Downloads\\UwAmp\\www\\Controller\\comandos.php on line 11, referer: http://localhost/
[Sat May 18 17:12:08.914741 2024] [mpm_winnt:crit] [pid 268:tid 644] AH02538: Child: Parent process exited abruptly. Child process is ending
[Mon May 20 18:57:46.898472 2024] [ssl:warn] [pid 2480:tid 668] AH01906: main-serveur:443:0 server certificate is a CA certificate (BasicConstraints: CA == TRUE !?)
[Mon May 20 18:57:46.992219 2024] [ssl:warn] [pid 2480:tid 668] AH01909: main-serveur:443:0 server certificate does NOT include an ID which matches the server name
[Mon May 20 18:57:47.023470 2024] [core:warn] [pid 2480:tid 668] AH00098: pid file A:/Downloads/UwAmp/bin/apache/logs/httpd.pid overwritten -- Unclean shutdown of previous Apache run?
[Mon May 20 18:57:47.195355 2024] [ssl:warn] [pid 2480:tid 668] AH01873: Init: Session Cache is not configured [hint: SSLSessionCache]
[Mon May 20 18:57:47.195355 2024] [ssl:warn] [pid 2480:tid 668] AH01906: main-serveur:443:0 server certificate is a CA certificate (BasicConstraints: CA == TRUE !?)
[Mon May 20 18:57:47.195355 2024] [ssl:warn] [pid 2480:tid 668] AH01909: main-serveur:443:0 server certificate does NOT include an ID which matches the server name
[Mon May 20 18:57:47.992222 2024] [mpm_winnt:notice] [pid 2480:tid 668] AH00455: Apache/2.4.18 (Win32) OpenSSL/1.0.2f PHP/7.0.3 configured -- resuming normal operations
[Mon May 20 18:57:47.992222 2024] [mpm_winnt:notice] [pid 2480:tid 668] AH00456: Server built: Jan 28 2016 09:58:25
[Mon May 20 18:57:47.992222 2024] [core:notice] [pid 2480:tid 668] AH00094: Command line: 'A:\\Downloads\\UwAmp\\bin\\apache\\bin\\httpd.exe -d A:/Downloads/UwAmp/bin/apache -f A:\\Downloads\\UwAmp\\bin\\apache\\conf\\httpd.conf'
[Mon May 20 18:57:47.992222 2024] [mpm_winnt:notice] [pid 2480:tid 668] AH00418: Parent: Created child process 9196
[Mon May 20 18:57:50.763544 2024] [ssl:warn] [pid 9196:tid 692] AH01906: main-serveur:443:0 server certificate is a CA certificate (BasicConstraints: CA == TRUE !?)
[Mon May 20 18:57:50.765549 2024] [ssl:warn] [pid 9196:tid 692] AH01909: main-serveur:443:0 server certificate does NOT include an ID which matches the server name
[Mon May 20 18:57:51.028152 2024] [ssl:warn] [pid 9196:tid 692] AH01873: Init: Session Cache is not configured [hint: SSLSessionCache]
[Mon May 20 18:57:51.029155 2024] [ssl:warn] [pid 9196:tid 692] AH01906: main-serveur:443:0 server certificate is a CA certificate (BasicConstraints: CA == TRUE !?)
[Mon May 20 18:57:51.029155 2024] [ssl:warn] [pid 9196:tid 692] AH01909: main-serveur:443:0 server certificate does NOT include an ID which matches the server name
[Mon May 20 18:57:51.172755 2024] [mpm_winnt:notice] [pid 9196:tid 692] AH00354: Child: Starting 64 worker threads.
[Mon May 20 19:03:20.667838 2024] [mpm_winnt:crit] [pid 9196:tid 692] AH02538: Child: Parent process exited abruptly. Child process is ending
[Mon May 20 19:10:29.984059 2024] [ssl:warn] [pid 14044:tid 784] AH01906: main-serveur:443:0 server certificate is a CA certificate (BasicConstraints: CA == TRUE !?)
[Mon May 20 19:10:29.984059 2024] [ssl:warn] [pid 14044:tid 784] AH01909: main-serveur:443:0 server certificate does NOT include an ID which matches the server name
[Mon May 20 19:10:30.046560 2024] [core:warn] [pid 14044:tid 784] AH00098: pid file C:/Python/www/bin/apache/logs/httpd.pid overwritten -- Unclean shutdown of previous Apache run?
[Mon May 20 19:10:30.249689 2024] [ssl:warn] [pid 14044:tid 784] AH01873: Init: Session Cache is not configured [hint: SSLSessionCache]
[Mon May 20 19:10:30.249689 2024] [ssl:warn] [pid 14044:tid 784] AH01906: main-serveur:443:0 server certificate is a CA certificate (BasicConstraints: CA == TRUE !?)
[Mon May 20 19:10:30.249689 2024] [ssl:warn] [pid 14044:tid 784] AH01909: main-serveur:443:0 server certificate does NOT include an ID which matches the server name
[Mon May 20 19:10:31.093434 2024] [mpm_winnt:notice] [pid 14044:tid 784] AH00455: Apache/2.4.18 (Win32) OpenSSL/1.0.2f PHP/7.0.3 configured -- resuming normal operations
[Mon May 20 19:10:31.093434 2024] [mpm_winnt:notice] [pid 14044:tid 784] AH00456: Server built: Jan 28 2016 09:58:25
[Mon May 20 19:10:31.093434 2024] [core:notice] [pid 14044:tid 784] AH00094: Command line: 'C:\\Python\\www\\bin\\apache\\bin\\httpd.exe -d C:/Python/www/bin/apache -f C:\\Python\\www\\bin\\apache\\conf\\httpd.conf'
[Mon May 20 19:10:31.093434 2024] [mpm_winnt:notice] [pid 14044:tid 784] AH00418: Parent: Created child process 15244
[Mon May 20 19:10:32.968449 2024] [ssl:warn] [pid 15244:tid 680] AH01906: main-serveur:443:0 server certificate is a CA certificate (BasicConstraints: CA == TRUE !?)
[Mon May 20 19:10:32.968449 2024] [ssl:warn] [pid 15244:tid 680] AH01909: main-serveur:443:0 server certificate does NOT include an ID which matches the server name
[Mon May 20 19:10:33.218434 2024] [ssl:warn] [pid 15244:tid 680] AH01873: Init: Session Cache is not configured [hint: SSLSessionCache]
[Mon May 20 19:10:33.218434 2024] [ssl:warn] [pid 15244:tid 680] AH01906: main-serveur:443:0 server certificate is a CA certificate (BasicConstraints: CA == TRUE !?)
[Mon May 20 19:10:33.218434 2024] [ssl:warn] [pid 15244:tid 680] AH01909: main-serveur:443:0 server certificate does NOT include an ID which matches the server name
[Mon May 20 19:10:33.280934 2024] [mpm_winnt:notice] [pid 15244:tid 680] AH00354: Child: Starting 64 worker threads.
[Mon May 20 19:26:59.027587 2024] [mpm_winnt:crit] [pid 15244:tid 680] AH02538: Child: Parent process exited abruptly. Child process is ending
[Mon May 20 19:33:23.418008 2024] [ssl:warn] [pid 4656:tid 652] AH01906: main-serveur:443:0 server certificate is a CA certificate (BasicConstraints: CA == TRUE !?)
[Mon May 20 19:33:23.418008 2024] [ssl:warn] [pid 4656:tid 652] AH01909: main-serveur:443:0 server certificate does NOT include an ID which matches the server name
[Mon May 20 19:33:23.480500 2024] [core:warn] [pid 4656:tid 652] AH00098: pid file C:/Python/www/bin/apache/logs/httpd.pid overwritten -- Unclean shutdown of previous Apache run?
[Mon May 20 19:33:23.652373 2024] [ssl:warn] [pid 4656:tid 652] AH01873: Init: Session Cache is not configured [hint: SSLSessionCache]
[Mon May 20 19:33:23.668004 2024] [ssl:warn] [pid 4656:tid 652] AH01906: main-serveur:443:0 server certificate is a CA certificate (BasicConstraints: CA == TRUE !?)
[Mon May 20 19:33:23.668004 2024] [ssl:warn] [pid 4656:tid 652] AH01909: main-serveur:443:0 server certificate does NOT include an ID which matches the server name
[Mon May 20 19:33:24.402384 2024] [mpm_winnt:notice] [pid 4656:tid 652] AH00455: Apache/2.4.18 (Win32) OpenSSL/1.0.2f PHP/7.0.3 configured -- resuming normal operations
[Mon May 20 19:33:24.402384 2024] [mpm_winnt:notice] [pid 4656:tid 652] AH00456: Server built: Jan 28 2016 09:58:25
[Mon May 20 19:33:24.402384 2024] [core:notice] [pid 4656:tid 652] AH00094: Command line: 'C:\\Python\\www\\bin\\apache\\bin\\httpd.exe -d C:/Python/www/bin/apache -f C:\\Python\\www\\bin\\apache\\conf\\httpd.conf'
[Mon May 20 19:33:24.417998 2024] [mpm_winnt:notice] [pid 4656:tid 652] AH00418: Parent: Created child process 4940
[Mon May 20 19:33:26.089873 2024] [ssl:warn] [pid 4940:tid 492] AH01906: main-serveur:443:0 server certificate is a CA certificate (BasicConstraints: CA == TRUE !?)
[Mon May 20 19:33:26.089873 2024] [ssl:warn] [pid 4940:tid 492] AH01909: main-serveur:443:0 server certificate does NOT include an ID which matches the server name
[Mon May 20 19:33:26.277368 2024] [ssl:warn] [pid 4940:tid 492] AH01873: Init: Session Cache is not configured [hint: SSLSessionCache]
[Mon May 20 19:33:26.277368 2024] [ssl:warn] [pid 4940:tid 492] AH01906: main-serveur:443:0 server certificate is a CA certificate (BasicConstraints: CA == TRUE !?)
[Mon May 20 19:33:26.277368 2024] [ssl:warn] [pid 4940:tid 492] AH01909: main-serveur:443:0 server certificate does NOT include an ID which matches the server name
[Mon May 20 19:33:26.324249 2024] [mpm_winnt:notice] [pid 4940:tid 492] AH00354: Child: Starting 64 worker threads.
[Mon May 20 19:34:15.844509 2024] [mpm_winnt:crit] [pid 4940:tid 492] AH02538: Child: Parent process exited abruptly. Child process is ending
[Mon May 20 19:34:30.280455 2024] [ssl:warn] [pid 5060:tid 660] AH01906: main-serveur:443:0 server certificate is a CA certificate (BasicConstraints: CA == TRUE !?)
[Mon May 20 19:34:30.280455 2024] [ssl:warn] [pid 5060:tid 660] AH01909: main-serveur:443:0 server certificate does NOT include an ID which matches the server name
[Mon May 20 19:34:30.327330 2024] [core:warn] [pid 5060:tid 660] AH00098: pid file C:/Python/www/bin/apache/logs/httpd.pid overwritten -- Unclean shutdown of previous Apache run?
[Mon May 20 19:34:30.467962 2024] [ssl:warn] [pid 5060:tid 660] AH01873: Init: Session Cache is not configured [hint: SSLSessionCache]
[Mon May 20 19:34:30.467962 2024] [ssl:warn] [pid 5060:tid 660] AH01906: main-serveur:443:0 server certificate is a CA certificate (BasicConstraints: CA == TRUE !?)
[Mon May 20 19:34:30.467962 2024] [ssl:warn] [pid 5060:tid 660] AH01909: main-serveur:443:0 server certificate does NOT include an ID which matches the server name
[Mon May 20 19:34:30.514841 2024] [mpm_winnt:notice] [pid 5060:tid 660] AH00455: Apache/2.4.18 (Win32) OpenSSL/1.0.2f PHP/7.0.3 configured -- resuming normal operations
[Mon May 20 19:34:30.514841 2024] [mpm_winnt:notice] [pid 5060:tid 660] AH00456: Server built: Jan 28 2016 09:58:25
[Mon May 20 19:34:30.514841 2024] [core:notice] [pid 5060:tid 660] AH00094: Command line: 'C:\\Python\\www\\bin\\apache\\bin\\httpd.exe -d C:/Python/www/bin/apache -f C:\\Python\\www\\bin\\apache\\conf\\httpd.conf'
[Mon May 20 19:34:30.530459 2024] [mpm_winnt:notice] [pid 5060:tid 660] AH00418: Parent: Created child process 1668
[Mon May 20 19:34:32.014829 2024] [ssl:warn] [pid 1668:tid 540] AH01906: main-serveur:443:0 server certificate is a CA certificate (BasicConstraints: CA == TRUE !?)
[Mon May 20 19:34:32.014829 2024] [ssl:warn] [pid 1668:tid 540] AH01909: main-serveur:443:0 server certificate does NOT include an ID which matches the server name
[Mon May 20 19:34:32.186708 2024] [ssl:warn] [pid 1668:tid 540] AH01873: Init: Session Cache is not configured [hint: SSLSessionCache]
[Mon May 20 19:34:32.186708 2024] [ssl:warn] [pid 1668:tid 540] AH01906: main-serveur:443:0 server certificate is a CA certificate (BasicConstraints: CA == TRUE !?)
[Mon May 20 19:34:32.186708 2024] [ssl:warn] [pid 1668:tid 540] AH01909: main-serveur:443:0 server certificate does NOT include an ID which matches the server name
[Mon May 20 19:34:32.233583 2024] [mpm_winnt:notice] [pid 1668:tid 540] AH00354: Child: Starting 64 worker threads.
[Mon May 20 21:41:31.713904 2024] [mpm_winnt:crit] [pid 1668:tid 540] AH02538: Child: Parent process exited abruptly. Child process is ending
[Mon May 20 21:41:31.713904 2024] [mpm_winnt:warn] [pid 1668:tid 2908] (OS 995)A operação de E/S foi anulada devido a uma saída de thread ou a uma requisição de aplicativo.  : AH00341: winnt_accept: Asynchronous AcceptEx failed.
[Tue May 21 19:31:48.513051 2024] [ssl:warn] [pid 14572:tid 564] AH01906: main-serveur:443:0 server certificate is a CA certificate (BasicConstraints: CA == TRUE !?)
[Tue May 21 19:31:48.513051 2024] [ssl:warn] [pid 14572:tid 564] AH01909: main-serveur:443:0 server certificate does NOT include an ID which matches the server name
[Tue May 21 19:31:48.560345 2024] [core:warn] [pid 14572:tid 564] AH00098: pid file C:/Python/www/bin/apache/logs/httpd.pid overwritten -- Unclean shutdown of previous Apache run?
[Tue May 21 19:31:48.748657 2024] [ssl:warn] [pid 14572:tid 564] AH01873: Init: Session Cache is not configured [hint: SSLSessionCache]
[Tue May 21 19:31:48.748657 2024] [ssl:warn] [pid 14572:tid 564] AH01906: main-serveur:443:0 server certificate is a CA certificate (BasicConstraints: CA == TRUE !?)
[Tue May 21 19:31:48.748657 2024] [ssl:warn] [pid 14572:tid 564] AH01909: main-serveur:443:0 server certificate does NOT include an ID which matches the server name
[Tue May 21 19:31:49.690001 2024] [mpm_winnt:notice] [pid 14572:tid 564] AH00455: Apache/2.4.18 (Win32) OpenSSL/1.0.2f PHP/7.0.3 configured -- resuming normal operations
[Tue May 21 19:31:49.690001 2024] [mpm_winnt:notice] [pid 14572:tid 564] AH00456: Server built: Jan 28 2016 09:58:25
[Tue May 21 19:31:49.690001 2024] [core:notice] [pid 14572:tid 564] AH00094: Command line: 'C:\\Python\\www\\bin\\apache\\bin\\httpd.exe -d C:/Python/www/bin/apache -f C:\\Python\\www\\bin\\apache\\conf\\httpd.conf'
[Tue May 21 19:31:49.690001 2024] [mpm_winnt:notice] [pid 14572:tid 564] AH00418: Parent: Created child process 14968
[Tue May 21 19:31:52.085704 2024] [ssl:warn] [pid 14968:tid 612] AH01906: main-serveur:443:0 server certificate is a CA certificate (BasicConstraints: CA == TRUE !?)
[Tue May 21 19:31:52.085704 2024] [ssl:warn] [pid 14968:tid 612] AH01909: main-serveur:443:0 server certificate does NOT include an ID which matches the server name
[Tue May 21 19:31:52.335715 2024] [ssl:warn] [pid 14968:tid 612] AH01873: Init: Session Cache is not configured [hint: SSLSessionCache]
[Tue May 21 19:31:52.335715 2024] [ssl:warn] [pid 14968:tid 612] AH01906: main-serveur:443:0 server certificate is a CA certificate (BasicConstraints: CA == TRUE !?)
[Tue May 21 19:31:52.335715 2024] [ssl:warn] [pid 14968:tid 612] AH01909: main-serveur:443:0 server certificate does NOT include an ID which matches the server name
[Tue May 21 19:31:52.398207 2024] [mpm_winnt:notice] [pid 14968:tid 612] AH00354: Child: Starting 64 worker threads.
[Tue May 21 19:38:30.110223 2024] [mpm_winnt:crit] [pid 14968:tid 612] AH02538: Child: Parent process exited abruptly. Child process is ending
[Tue May 21 19:42:23.757185 2024] [ssl:warn] [pid 5980:tid 764] AH01906: main-serveur:443:0 server certificate is a CA certificate (BasicConstraints: CA == TRUE !?)
[Tue May 21 19:42:23.757185 2024] [ssl:warn] [pid 5980:tid 764] AH01909: main-serveur:443:0 server certificate does NOT include an ID which matches the server name
[Tue May 21 19:42:23.819687 2024] [core:warn] [pid 5980:tid 764] AH00098: pid file C:/Python/www/bin/apache/logs/httpd.pid overwritten -- Unclean shutdown of previous Apache run?
[Tue May 21 19:42:24.007193 2024] [ssl:warn] [pid 5980:tid 764] AH01873: Init: Session Cache is not configured [hint: SSLSessionCache]
[Tue May 21 19:42:24.007193 2024] [ssl:warn] [pid 5980:tid 764] AH01906: main-serveur:443:0 server certificate is a CA certificate (BasicConstraints: CA == TRUE !?)
[Tue May 21 19:42:24.007193 2024] [ssl:warn] [pid 5980:tid 764] AH01909: main-serveur:443:0 server certificate does NOT include an ID which matches the server name
[Tue May 21 19:42:24.850955 2024] [mpm_winnt:notice] [pid 5980:tid 764] AH00455: Apache/2.4.18 (Win32) OpenSSL/1.0.2f PHP/7.0.3 configured -- resuming normal operations
[Tue May 21 19:42:24.850955 2024] [mpm_winnt:notice] [pid 5980:tid 764] AH00456: Server built: Jan 28 2016 09:58:25
[Tue May 21 19:42:24.850955 2024] [core:notice] [pid 5980:tid 764] AH00094: Command line: 'C:\\Python\\www\\bin\\apache\\bin\\httpd.exe -d C:/Python/www/bin/apache -f C:\\Python\\www\\bin\\apache\\conf\\httpd.conf'
[Tue May 21 19:42:24.866574 2024] [mpm_winnt:notice] [pid 5980:tid 764] AH00418: Parent: Created child process 6456
[Tue May 21 19:42:26.804063 2024] [ssl:warn] [pid 6456:tid 844] AH01906: main-serveur:443:0 server certificate is a CA certificate (BasicConstraints: CA == TRUE !?)
[Tue May 21 19:42:26.804063 2024] [ssl:warn] [pid 6456:tid 844] AH01909: main-serveur:443:0 server certificate does NOT include an ID which matches the server name
[Tue May 21 19:42:27.054062 2024] [ssl:warn] [pid 6456:tid 844] AH01873: Init: Session Cache is not configured [hint: SSLSessionCache]
[Tue May 21 19:42:27.054062 2024] [ssl:warn] [pid 6456:tid 844] AH01906: main-serveur:443:0 server certificate is a CA certificate (BasicConstraints: CA == TRUE !?)
[Tue May 21 19:42:27.054062 2024] [ssl:warn] [pid 6456:tid 844] AH01909: main-serveur:443:0 server certificate does NOT include an ID which matches the server name
[Tue May 21 19:42:27.116560 2024] [mpm_winnt:notice] [pid 6456:tid 844] AH00354: Child: Starting 64 worker threads.
[Tue May 21 20:22:26.895446 2024] [:error] [pid 6456:tid 1572] [client ::1:54023] PHP Notice:  Undefined variable: email in C:\\Python\\www\\www\\View\\index.php on line 2
[Tue May 21 20:22:26.895446 2024] [:error] [pid 6456:tid 1572] [client ::1:54023] PHP Stack trace:
[Tue May 21 20:22:26.895446 2024] [:error] [pid 6456:tid 1572] [client ::1:54023] PHP   1. {main}() C:\\Python\\www\\www\\View\\index.php:0
[Tue May 21 20:22:26.895446 2024] [:error] [pid 6456:tid 1572] [client ::1:54023] PHP Notice:  Undefined variable: senha in C:\\Python\\www\\www\\View\\index.php on line 3
[Tue May 21 20:22:26.895446 2024] [:error] [pid 6456:tid 1572] [client ::1:54023] PHP Stack trace:
[Tue May 21 20:22:26.895446 2024] [:error] [pid 6456:tid 1572] [client ::1:54023] PHP   1. {main}() C:\\Python\\www\\www\\View\\index.php:0
[Tue May 21 20:22:29.389914 2024] [:error] [pid 6456:tid 1572] [client ::1:54023] PHP Notice:  Undefined variable: email in C:\\Python\\www\\www\\View\\index.php on line 2
[Tue May 21 20:22:29.389914 2024] [:error] [pid 6456:tid 1572] [client ::1:54023] PHP Stack trace:
[Tue May 21 20:22:29.389914 2024] [:error] [pid 6456:tid 1572] [client ::1:54023] PHP   1. {main}() C:\\Python\\www\\www\\View\\index.php:0
[Tue May 21 20:22:29.390920 2024] [:error] [pid 6456:tid 1572] [client ::1:54023] PHP Notice:  Undefined variable: senha in C:\\Python\\www\\www\\View\\index.php on line 3
[Tue May 21 20:22:29.390920 2024] [:error] [pid 6456:tid 1572] [client ::1:54023] PHP Stack trace:
[Tue May 21 20:22:29.390920 2024] [:error] [pid 6456:tid 1572] [client ::1:54023] PHP   1. {main}() C:\\Python\\www\\www\\View\\index.php:0
[Tue May 21 20:22:29.841577 2024] [:error] [pid 6456:tid 1572] [client ::1:54023] PHP Notice:  Undefined variable: email in C:\\Python\\www\\www\\View\\index.php on line 2
[Tue May 21 20:22:29.841577 2024] [:error] [pid 6456:tid 1572] [client ::1:54023] PHP Stack trace:
[Tue May 21 20:22:29.841577 2024] [:error] [pid 6456:tid 1572] [client ::1:54023] PHP   1. {main}() C:\\Python\\www\\www\\View\\index.php:0
[Tue May 21 20:22:29.842576 2024] [:error] [pid 6456:tid 1572] [client ::1:54023] PHP Notice:  Undefined variable: senha in C:\\Python\\www\\www\\View\\index.php on line 3
[Tue May 21 20:22:29.842576 2024] [:error] [pid 6456:tid 1572] [client ::1:54023] PHP Stack trace:
[Tue May 21 20:22:29.842576 2024] [:error] [pid 6456:tid 1572] [client ::1:54023] PHP   1. {main}() C:\\Python\\www\\www\\View\\index.php:0
[Tue May 21 20:22:30.078539 2024] [:error] [pid 6456:tid 1572] [client ::1:54023] PHP Notice:  Undefined variable: email in C:\\Python\\www\\www\\View\\index.php on line 2
[Tue May 21 20:22:30.078539 2024] [:error] [pid 6456:tid 1572] [client ::1:54023] PHP Stack trace:
[Tue May 21 20:22:30.078539 2024] [:error] [pid 6456:tid 1572] [client ::1:54023] PHP   1. {main}() C:\\Python\\www\\www\\View\\index.php:0
[Tue May 21 20:22:30.079541 2024] [:error] [pid 6456:tid 1572] [client ::1:54023] PHP Notice:  Undefined variable: senha in C:\\Python\\www\\www\\View\\index.php on line 3
[Tue May 21 20:22:30.079541 2024] [:error] [pid 6456:tid 1572] [client ::1:54023] PHP Stack trace:
[Tue May 21 20:22:30.079541 2024] [:error] [pid 6456:tid 1572] [client ::1:54023] PHP   1. {main}() C:\\Python\\www\\www\\View\\index.php:0
[Tue May 21 20:22:30.308907 2024] [:error] [pid 6456:tid 1572] [client ::1:54023] PHP Notice:  Undefined variable: email in C:\\Python\\www\\www\\View\\index.php on line 2
[Tue May 21 20:22:30.308907 2024] [:error] [pid 6456:tid 1572] [client ::1:54023] PHP Stack trace:
[Tue May 21 20:22:30.308907 2024] [:error] [pid 6456:tid 1572] [client ::1:54023] PHP   1. {main}() C:\\Python\\www\\www\\View\\index.php:0
[Tue May 21 20:22:30.308907 2024] [:error] [pid 6456:tid 1572] [client ::1:54023] PHP Notice:  Undefined variable: senha in C:\\Python\\www\\www\\View\\index.php on line 3
[Tue May 21 20:22:30.308907 2024] [:error] [pid 6456:tid 1572] [client ::1:54023] PHP Stack trace:
[Tue May 21 20:22:30.308907 2024] [:error] [pid 6456:tid 1572] [client ::1:54023] PHP   1. {main}() C:\\Python\\www\\www\\View\\index.php:0
[Tue May 21 20:22:30.525243 2024] [:error] [pid 6456:tid 1572] [client ::1:54023] PHP Notice:  Undefined variable: email in C:\\Python\\www\\www\\View\\index.php on line 2
[Tue May 21 20:22:30.525243 2024] [:error] [pid 6456:tid 1572] [client ::1:54023] PHP Stack trace:
[Tue May 21 20:22:30.525243 2024] [:error] [pid 6456:tid 1572] [client ::1:54023] PHP   1. {main}() C:\\Python\\www\\www\\View\\index.php:0
[Tue May 21 20:22:30.525243 2024] [:error] [pid 6456:tid 1572] [client ::1:54023] PHP Notice:  Undefined variable: senha in C:\\Python\\www\\www\\View\\index.php on line 3
[Tue May 21 20:22:30.526228 2024] [:error] [pid 6456:tid 1572] [client ::1:54023] PHP Stack trace:
[Tue May 21 20:22:30.526228 2024] [:error] [pid 6456:tid 1572] [client ::1:54023] PHP   1. {main}() C:\\Python\\www\\www\\View\\index.php:0
[Tue May 21 20:24:09.887504 2024] [:error] [pid 6456:tid 1572] [client ::1:54066] PHP Notice:  Undefined variable: email in C:\\Python\\www\\www\\View\\index.php on line 2
[Tue May 21 20:24:09.887504 2024] [:error] [pid 6456:tid 1572] [client ::1:54066] PHP Stack trace:
[Tue May 21 20:24:09.887504 2024] [:error] [pid 6456:tid 1572] [client ::1:54066] PHP   1. {main}() C:\\Python\\www\\www\\View\\index.php:0
[Tue May 21 20:24:09.887504 2024] [:error] [pid 6456:tid 1572] [client ::1:54066] PHP Notice:  Undefined variable: senha in C:\\Python\\www\\www\\View\\index.php on line 3
[Tue May 21 20:24:09.887504 2024] [:error] [pid 6456:tid 1572] [client ::1:54066] PHP Stack trace:
[Tue May 21 20:24:09.887504 2024] [:error] [pid 6456:tid 1572] [client ::1:54066] PHP   1. {main}() C:\\Python\\www\\www\\View\\index.php:0
[Tue May 21 20:24:10.591664 2024] [:error] [pid 6456:tid 1572] [client ::1:54066] PHP Notice:  Undefined variable: email in C:\\Python\\www\\www\\View\\index.php on line 2
[Tue May 21 20:24:10.591664 2024] [:error] [pid 6456:tid 1572] [client ::1:54066] PHP Stack trace:
[Tue May 21 20:24:10.592669 2024] [:error] [pid 6456:tid 1572] [client ::1:54066] PHP   1. {main}() C:\\Python\\www\\www\\View\\index.php:0
[Tue May 21 20:24:10.592669 2024] [:error] [pid 6456:tid 1572] [client ::1:54066] PHP Notice:  Undefined variable: senha in C:\\Python\\www\\www\\View\\index.php on line 3
[Tue May 21 20:24:10.592669 2024] [:error] [pid 6456:tid 1572] [client ::1:54066] PHP Stack trace:
[Tue May 21 20:24:10.592669 2024] [:error] [pid 6456:tid 1572] [client ::1:54066] PHP   1. {main}() C:\\Python\\www\\www\\View\\index.php:0
[Tue May 21 20:24:10.802949 2024] [:error] [pid 6456:tid 1572] [client ::1:54066] PHP Notice:  Undefined variable: email in C:\\Python\\www\\www\\View\\index.php on line 2
[Tue May 21 20:24:10.802949 2024] [:error] [pid 6456:tid 1572] [client ::1:54066] PHP Stack trace:
[Tue May 21 20:24:10.802949 2024] [:error] [pid 6456:tid 1572] [client ::1:54066] PHP   1. {main}() C:\\Python\\www\\www\\View\\index.php:0
[Tue May 21 20:24:10.802949 2024] [:error] [pid 6456:tid 1572] [client ::1:54066] PHP Notice:  Undefined variable: senha in C:\\Python\\www\\www\\View\\index.php on line 3
[Tue May 21 20:24:10.802949 2024] [:error] [pid 6456:tid 1572] [client ::1:54066] PHP Stack trace:
[Tue May 21 20:24:10.802949 2024] [:error] [pid 6456:tid 1572] [client ::1:54066] PHP   1. {main}() C:\\Python\\www\\www\\View\\index.php:0
[Tue May 21 20:24:11.064194 2024] [:error] [pid 6456:tid 1572] [client ::1:54066] PHP Notice:  Undefined variable: email in C:\\Python\\www\\www\\View\\index.php on line 2
[Tue May 21 20:24:11.064194 2024] [:error] [pid 6456:tid 1572] [client ::1:54066] PHP Stack trace:
[Tue May 21 20:24:11.064194 2024] [:error] [pid 6456:tid 1572] [client ::1:54066] PHP   1. {main}() C:\\Python\\www\\www\\View\\index.php:0
[Tue May 21 20:24:11.064194 2024] [:error] [pid 6456:tid 1572] [client ::1:54066] PHP Notice:  Undefined variable: senha in C:\\Python\\www\\www\\View\\index.php on line 3
[Tue May 21 20:24:11.064194 2024] [:error] [pid 6456:tid 1572] [client ::1:54066] PHP Stack trace:
[Tue May 21 20:24:11.064194 2024] [:error] [pid 6456:tid 1572] [client ::1:54066] PHP   1. {main}() C:\\Python\\www\\www\\View\\index.php:0
[Tue May 21 20:24:11.282423 2024] [:error] [pid 6456:tid 1572] [client ::1:54066] PHP Notice:  Undefined variable: email in C:\\Python\\www\\www\\View\\index.php on line 2
[Tue May 21 20:24:11.282423 2024] [:error] [pid 6456:tid 1572] [client ::1:54066] PHP Stack trace:
[Tue May 21 20:24:11.282423 2024] [:error] [pid 6456:tid 1572] [client ::1:54066] PHP   1. {main}() C:\\Python\\www\\www\\View\\index.php:0
[Tue May 21 20:24:11.282423 2024] [:error] [pid 6456:tid 1572] [client ::1:54066] PHP Notice:  Undefined variable: senha in C:\\Python\\www\\www\\View\\index.php on line 3
[Tue May 21 20:24:11.282423 2024] [:error] [pid 6456:tid 1572] [client ::1:54066] PHP Stack trace:
[Tue May 21 20:24:11.282423 2024] [:error] [pid 6456:tid 1572] [client ::1:54066] PHP   1. {main}() C:\\Python\\www\\www\\View\\index.php:0
[Tue May 21 20:24:11.501029 2024] [:error] [pid 6456:tid 1572] [client ::1:54066] PHP Notice:  Undefined variable: email in C:\\Python\\www\\www\\View\\index.php on line 2
[Tue May 21 20:24:11.501029 2024] [:error] [pid 6456:tid 1572] [client ::1:54066] PHP Stack trace:
[Tue May 21 20:24:11.501029 2024] [:error] [pid 6456:tid 1572] [client ::1:54066] PHP   1. {main}() C:\\Python\\www\\www\\View\\index.php:0
[Tue May 21 20:24:11.501029 2024] [:error] [pid 6456:tid 1572] [client ::1:54066] PHP Notice:  Undefined variable: senha in C:\\Python\\www\\www\\View\\index.php on line 3
[Tue May 21 20:24:11.501029 2024] [:error] [pid 6456:tid 1572] [client ::1:54066] PHP Stack trace:
[Tue May 21 20:24:11.501029 2024] [:error] [pid 6456:tid 1572] [client ::1:54066] PHP   1. {main}() C:\\Python\\www\\www\\View\\index.php:0
[Tue May 21 20:24:11.717487 2024] [:error] [pid 6456:tid 1572] [client ::1:54066] PHP Notice:  Undefined variable: email in C:\\Python\\www\\www\\View\\index.php on line 2
[Tue May 21 20:24:11.717487 2024] [:error] [pid 6456:tid 1572] [client ::1:54066] PHP Stack trace:
[Tue May 21 20:24:11.717487 2024] [:error] [pid 6456:tid 1572] [client ::1:54066] PHP   1. {main}() C:\\Python\\www\\www\\View\\index.php:0
[Tue May 21 20:24:11.717487 2024] [:error] [pid 6456:tid 1572] [client ::1:54066] PHP Notice:  Undefined variable: senha in C:\\Python\\www\\www\\View\\index.php on line 3
[Tue May 21 20:24:11.717487 2024] [:error] [pid 6456:tid 1572] [client ::1:54066] PHP Stack trace:
[Tue May 21 20:24:11.717487 2024] [:error] [pid 6456:tid 1572] [client ::1:54066] PHP   1. {main}() C:\\Python\\www\\www\\View\\index.php:0
[Tue May 21 20:24:11.923192 2024] [:error] [pid 6456:tid 1572] [client ::1:54066] PHP Notice:  Undefined variable: email in C:\\Python\\www\\www\\View\\index.php on line 2
[Tue May 21 20:24:11.923192 2024] [:error] [pid 6456:tid 1572] [client ::1:54066] PHP Stack trace:
[Tue May 21 20:24:11.923192 2024] [:error] [pid 6456:tid 1572] [client ::1:54066] PHP   1. {main}() C:\\Python\\www\\www\\View\\index.php:0
[Tue May 21 20:24:11.924186 2024] [:error] [pid 6456:tid 1572] [client ::1:54066] PHP Notice:  Undefined variable: senha in C:\\Python\\www\\www\\View\\index.php on line 3
[Tue May 21 20:24:11.924186 2024] [:error] [pid 6456:tid 1572] [client ::1:54066] PHP Stack trace:
[Tue May 21 20:24:11.924186 2024] [:error] [pid 6456:tid 1572] [client ::1:54066] PHP   1. {main}() C:\\Python\\www\\www\\View\\index.php:0
[Tue May 21 20:24:12.130840 2024] [:error] [pid 6456:tid 1572] [client ::1:54066] PHP Notice:  Undefined variable: email in C:\\Python\\www\\www\\View\\index.php on line 2
[Tue May 21 20:24:12.130840 2024] [:error] [pid 6456:tid 1572] [client ::1:54066] PHP Stack trace:
[Tue May 21 20:24:12.130840 2024] [:error] [pid 6456:tid 1572] [client ::1:54066] PHP   1. {main}() C:\\Python\\www\\www\\View\\index.php:0
[Tue May 21 20:24:12.130840 2024] [:error] [pid 6456:tid 1572] [client ::1:54066] PHP Notice:  Undefined variable: senha in C:\\Python\\www\\www\\View\\index.php on line 3
[Tue May 21 20:24:12.130840 2024] [:error] [pid 6456:tid 1572] [client ::1:54066] PHP Stack trace:
[Tue May 21 20:24:12.130840 2024] [:error] [pid 6456:tid 1572] [client ::1:54066] PHP   1. {main}() C:\\Python\\www\\www\\View\\index.php:0
[Tue May 21 20:27:07.259676 2024] [:error] [pid 6456:tid 1572] [client ::1:54126] PHP Catchable fatal error:  Object of class PDOStatement could not be converted to string in C:\\Python\\www\\www\\Controller\\comandos.php on line 18, referer: http://localhost/View/index.php
[Tue May 21 20:27:07.259676 2024] [:error] [pid 6456:tid 1572] [client ::1:54126] PHP Stack trace:, referer: http://localhost/View/index.php
[Tue May 21 20:27:07.259676 2024] [:error] [pid 6456:tid 1572] [client ::1:54126] PHP   1. {main}() C:\\Python\\www\\www\\Controller\\comandos.php:0, referer: http://localhost/View/index.php
[Tue May 21 20:27:14.410026 2024] [:error] [pid 6456:tid 1572] [client ::1:54144] PHP Catchable fatal error:  Object of class PDOStatement could not be converted to string in C:\\Python\\www\\www\\Controller\\comandos.php on line 18, referer: http://localhost/View/index.php
[Tue May 21 20:27:14.410026 2024] [:error] [pid 6456:tid 1572] [client ::1:54144] PHP Stack trace:, referer: http://localhost/View/index.php
[Tue May 21 20:27:14.410026 2024] [:error] [pid 6456:tid 1572] [client ::1:54144] PHP   1. {main}() C:\\Python\\www\\www\\Controller\\comandos.php:0, referer: http://localhost/View/index.php
[Tue May 21 20:27:15.475816 2024] [:error] [pid 6456:tid 1572] [client ::1:54144] PHP Catchable fatal error:  Object of class PDOStatement could not be converted to string in C:\\Python\\www\\www\\Controller\\comandos.php on line 18, referer: http://localhost/View/index.php
[Tue May 21 20:27:15.475816 2024] [:error] [pid 6456:tid 1572] [client ::1:54144] PHP Stack trace:, referer: http://localhost/View/index.php
[Tue May 21 20:27:15.476823 2024] [:error] [pid 6456:tid 1572] [client ::1:54144] PHP   1. {main}() C:\\Python\\www\\www\\Controller\\comandos.php:0, referer: http://localhost/View/index.php
[Tue May 21 20:27:16.633676 2024] [:error] [pid 6456:tid 1572] [client ::1:54144] PHP Catchable fatal error:  Object of class PDOStatement could not be converted to string in C:\\Python\\www\\www\\Controller\\comandos.php on line 18, referer: http://localhost/View/index.php
[Tue May 21 20:27:16.633676 2024] [:error] [pid 6456:tid 1572] [client ::1:54144] PHP Stack trace:, referer: http://localhost/View/index.php
[Tue May 21 20:27:16.633676 2024] [:error] [pid 6456:tid 1572] [client ::1:54144] PHP   1. {main}() C:\\Python\\www\\www\\Controller\\comandos.php:0, referer: http://localhost/View/index.php
[Tue May 21 20:27:30.050996 2024] [:error] [pid 6456:tid 1572] [client ::1:54154] PHP Catchable fatal error:  Object of class PDOStatement could not be converted to string in C:\\Python\\www\\www\\Controller\\comandos.php on line 18, referer: http://localhost/View/index.php
[Tue May 21 20:27:30.051737 2024] [:error] [pid 6456:tid 1572] [client ::1:54154] PHP Stack trace:, referer: http://localhost/View/index.php
[Tue May 21 20:27:30.051737 2024] [:error] [pid 6456:tid 1572] [client ::1:54154] PHP   1. {main}() C:\\Python\\www\\www\\Controller\\comandos.php:0, referer: http://localhost/View/index.php
[Tue May 21 20:27:36.341148 2024] [:error] [pid 6456:tid 1572] [client ::1:54157] PHP Catchable fatal error:  Object of class PDOStatement could not be converted to string in C:\\Python\\www\\www\\Controller\\comandos.php on line 18, referer: http://localhost/View/index.php
[Tue May 21 20:27:36.341148 2024] [:error] [pid 6456:tid 1572] [client ::1:54157] PHP Stack trace:, referer: http://localhost/View/index.php
[Tue May 21 20:27:36.341148 2024] [:error] [pid 6456:tid 1572] [client ::1:54157] PHP   1. {main}() C:\\Python\\www\\www\\Controller\\comandos.php:0, referer: http://localhost/View/index.php
[Tue May 21 20:27:38.066199 2024] [:error] [pid 6456:tid 1572] [client ::1:54157] PHP Notice:  Undefined index: email in C:\\Python\\www\\www\\Controller\\comandos.php on line 6
[Tue May 21 20:27:38.066199 2024] [:error] [pid 6456:tid 1572] [client ::1:54157] PHP Stack trace:
[Tue May 21 20:27:38.066199 2024] [:error] [pid 6456:tid 1572] [client ::1:54157] PHP   1. {main}() C:\\Python\\www\\www\\Controller\\comandos.php:0
[Tue May 21 20:27:38.066199 2024] [:error] [pid 6456:tid 1572] [client ::1:54157] PHP Notice:  Undefined index: senha in C:\\Python\\www\\www\\Controller\\comandos.php on line 7
[Tue May 21 20:27:38.066199 2024] [:error] [pid 6456:tid 1572] [client ::1:54157] PHP Stack trace:
[Tue May 21 20:27:38.066199 2024] [:error] [pid 6456:tid 1572] [client ::1:54157] PHP   1. {main}() C:\\Python\\www\\www\\Controller\\comandos.php:0
[Tue May 21 20:27:38.070203 2024] [:error] [pid 6456:tid 1572] [client ::1:54157] PHP Catchable fatal error:  Object of class PDOStatement could not be converted to string in C:\\Python\\www\\www\\Controller\\comandos.php on line 18
[Tue May 21 20:27:38.070203 2024] [:error] [pid 6456:tid 1572] [client ::1:54157] PHP Stack trace:
[Tue May 21 20:27:38.070671 2024] [:error] [pid 6456:tid 1572] [client ::1:54157] PHP   1. {main}() C:\\Python\\www\\www\\Controller\\comandos.php:0
[Tue May 21 20:27:39.471271 2024] [:error] [pid 6456:tid 1572] [client ::1:54157] PHP Notice:  Undefined index: email in C:\\Python\\www\\www\\Controller\\comandos.php on line 6
[Tue May 21 20:27:39.471271 2024] [:error] [pid 6456:tid 1572] [client ::1:54157] PHP Stack trace:
[Tue May 21 20:27:39.471271 2024] [:error] [pid 6456:tid 1572] [client ::1:54157] PHP   1. {main}() C:\\Python\\www\\www\\Controller\\comandos.php:0
[Tue May 21 20:27:39.471271 2024] [:error] [pid 6456:tid 1572] [client ::1:54157] PHP Notice:  Undefined index: senha in C:\\Python\\www\\www\\Controller\\comandos.php on line 7
[Tue May 21 20:27:39.471271 2024] [:error] [pid 6456:tid 1572] [client ::1:54157] PHP Stack trace:
[Tue May 21 20:27:39.471271 2024] [:error] [pid 6456:tid 1572] [client ::1:54157] PHP   1. {main}() C:\\Python\\www\\www\\Controller\\comandos.php:0
[Tue May 21 20:27:39.471271 2024] [:error] [pid 6456:tid 1572] [client ::1:54157] PHP Catchable fatal error:  Object of class PDOStatement could not be converted to string in C:\\Python\\www\\www\\Controller\\comandos.php on line 18
[Tue May 21 20:27:39.471271 2024] [:error] [pid 6456:tid 1572] [client ::1:54157] PHP Stack trace:
[Tue May 21 20:27:39.471271 2024] [:error] [pid 6456:tid 1572] [client ::1:54157] PHP   1. {main}() C:\\Python\\www\\www\\Controller\\comandos.php:0
[Tue May 21 20:27:40.917249 2024] [:error] [pid 6456:tid 1572] [client ::1:54157] PHP Notice:  Undefined index: email in C:\\Python\\www\\www\\Controller\\comandos.php on line 6
[Tue May 21 20:27:40.917249 2024] [:error] [pid 6456:tid 1572] [client ::1:54157] PHP Stack trace:
[Tue May 21 20:27:40.917249 2024] [:error] [pid 6456:tid 1572] [client ::1:54157] PHP   1. {main}() C:\\Python\\www\\www\\Controller\\comandos.php:0
[Tue May 21 20:27:40.917249 2024] [:error] [pid 6456:tid 1572] [client ::1:54157] PHP Notice:  Undefined index: senha in C:\\Python\\www\\www\\Controller\\comandos.php on line 7
[Tue May 21 20:27:40.918248 2024] [:error] [pid 6456:tid 1572] [client ::1:54157] PHP Stack trace:
[Tue May 21 20:27:40.918248 2024] [:error] [pid 6456:tid 1572] [client ::1:54157] PHP   1. {main}() C:\\Python\\www\\www\\Controller\\comandos.php:0
[Tue May 21 20:27:40.921248 2024] [:error] [pid 6456:tid 1572] [client ::1:54157] PHP Catchable fatal error:  Object of class PDOStatement could not be converted to string in C:\\Python\\www\\www\\Controller\\comandos.php on line 18
[Tue May 21 20:27:40.921248 2024] [:error] [pid 6456:tid 1572] [client ::1:54157] PHP Stack trace:
[Tue May 21 20:27:40.921248 2024] [:error] [pid 6456:tid 1572] [client ::1:54157] PHP   1. {main}() C:\\Python\\www\\www\\Controller\\comandos.php:0
[Tue May 21 20:28:00.050635 2024] [:error] [pid 6456:tid 1572] [client ::1:54170] PHP Notice:  Undefined index: email in C:\\Python\\www\\www\\Controller\\comandos.php on line 6
[Tue May 21 20:28:00.050635 2024] [:error] [pid 6456:tid 1572] [client ::1:54170] PHP Stack trace:
[Tue May 21 20:28:00.050635 2024] [:error] [pid 6456:tid 1572] [client ::1:54170] PHP   1. {main}() C:\\Python\\www\\www\\Controller\\comandos.php:0
[Tue May 21 20:28:00.050635 2024] [:error] [pid 6456:tid 1572] [client ::1:54170] PHP Notice:  Undefined index: senha in C:\\Python\\www\\www\\Controller\\comandos.php on line 7
[Tue May 21 20:28:00.051635 2024] [:error] [pid 6456:tid 1572] [client ::1:54170] PHP Stack trace:
[Tue May 21 20:28:00.051635 2024] [:error] [pid 6456:tid 1572] [client ::1:54170] PHP   1. {main}() C:\\Python\\www\\www\\Controller\\comandos.php:0
[Tue May 21 20:28:00.054637 2024] [:error] [pid 6456:tid 1572] [client ::1:54170] PHP Catchable fatal error:  Object of class PDOStatement could not be converted to string in C:\\Python\\www\\www\\Controller\\comandos.php on line 18
[Tue May 21 20:28:00.054637 2024] [:error] [pid 6456:tid 1572] [client ::1:54170] PHP Stack trace:
[Tue May 21 20:28:00.054637 2024] [:error] [pid 6456:tid 1572] [client ::1:54170] PHP   1. {main}() C:\\Python\\www\\www\\Controller\\comandos.php:0
[Tue May 21 20:28:00.458506 2024] [:error] [pid 6456:tid 1572] [client ::1:54170] PHP Notice:  Undefined index: email in C:\\Python\\www\\www\\Controller\\comandos.php on line 6
[Tue May 21 20:28:00.458506 2024] [:error] [pid 6456:tid 1572] [client ::1:54170] PHP Stack trace:
[Tue May 21 20:28:00.458506 2024] [:error] [pid 6456:tid 1572] [client ::1:54170] PHP   1. {main}() C:\\Python\\www\\www\\Controller\\comandos.php:0
[Tue May 21 20:28:00.458506 2024] [:error] [pid 6456:tid 1572] [client ::1:54170] PHP Notice:  Undefined index: senha in C:\\Python\\www\\www\\Controller\\comandos.php on line 7
[Tue May 21 20:28:00.458506 2024] [:error] [pid 6456:tid 1572] [client ::1:54170] PHP Stack trace:
[Tue May 21 20:28:00.458506 2024] [:error] [pid 6456:tid 1572] [client ::1:54170] PHP   1. {main}() C:\\Python\\www\\www\\Controller\\comandos.php:0
[Tue May 21 20:28:00.461504 2024] [:error] [pid 6456:tid 1572] [client ::1:54170] PHP Catchable fatal error:  Object of class PDOStatement could not be converted to string in C:\\Python\\www\\www\\Controller\\comandos.php on line 18
[Tue May 21 20:28:00.461504 2024] [:error] [pid 6456:tid 1572] [client ::1:54170] PHP Stack trace:
[Tue May 21 20:28:00.461504 2024] [:error] [pid 6456:tid 1572] [client ::1:54170] PHP   1. {main}() C:\\Python\\www\\www\\Controller\\comandos.php:0
[Tue May 21 20:28:00.695616 2024] [:error] [pid 6456:tid 1572] [client ::1:54170] PHP Notice:  Undefined index: email in C:\\Python\\www\\www\\Controller\\comandos.php on line 6
[Tue May 21 20:28:00.695616 2024] [:error] [pid 6456:tid 1572] [client ::1:54170] PHP Stack trace:
[Tue May 21 20:28:00.695616 2024] [:error] [pid 6456:tid 1572] [client ::1:54170] PHP   1. {main}() C:\\Python\\www\\www\\Controller\\comandos.php:0
[Tue May 21 20:28:00.695616 2024] [:error] [pid 6456:tid 1572] [client ::1:54170] PHP Notice:  Undefined index: senha in C:\\Python\\www\\www\\Controller\\comandos.php on line 7
[Tue May 21 20:28:00.695616 2024] [:error] [pid 6456:tid 1572] [client ::1:54170] PHP Stack trace:
[Tue May 21 20:28:00.695616 2024] [:error] [pid 6456:tid 1572] [client ::1:54170] PHP   1. {main}() C:\\Python\\www\\www\\Controller\\comandos.php:0
[Tue May 21 20:28:00.700622 2024] [:error] [pid 6456:tid 1572] [client ::1:54170] PHP Catchable fatal error:  Object of class PDOStatement could not be converted to string in C:\\Python\\www\\www\\Controller\\comandos.php on line 18
[Tue May 21 20:28:00.700622 2024] [:error] [pid 6456:tid 1572] [client ::1:54170] PHP Stack trace:
[Tue May 21 20:28:00.700622 2024] [:error] [pid 6456:tid 1572] [client ::1:54170] PHP   1. {main}() C:\\Python\\www\\www\\Controller\\comandos.php:0
[Tue May 21 20:28:00.895970 2024] [:error] [pid 6456:tid 1572] [client ::1:54170] PHP Notice:  Undefined index: email in C:\\Python\\www\\www\\Controller\\comandos.php on line 6
[Tue May 21 20:28:00.895970 2024] [:error] [pid 6456:tid 1572] [client ::1:54170] PHP Stack trace:
[Tue May 21 20:28:00.895970 2024] [:error] [pid 6456:tid 1572] [client ::1:54170] PHP   1. {main}() C:\\Python\\www\\www\\Controller\\comandos.php:0
[Tue May 21 20:28:00.895970 2024] [:error] [pid 6456:tid 1572] [client ::1:54170] PHP Notice:  Undefined index: senha in C:\\Python\\www\\www\\Controller\\comandos.php on line 7
[Tue May 21 20:28:00.895970 2024] [:error] [pid 6456:tid 1572] [client ::1:54170] PHP Stack trace:
[Tue May 21 20:28:00.895970 2024] [:error] [pid 6456:tid 1572] [client ::1:54170] PHP   1. {main}() C:\\Python\\www\\www\\Controller\\comandos.php:0
[Tue May 21 20:28:00.900963 2024] [:error] [pid 6456:tid 1572] [client ::1:54170] PHP Catchable fatal error:  Object of class PDOStatement could not be converted to string in C:\\Python\\www\\www\\Controller\\comandos.php on line 18
[Tue May 21 20:28:00.900963 2024] [:error] [pid 6456:tid 1572] [client ::1:54170] PHP Stack trace:
[Tue May 21 20:28:00.900963 2024] [:error] [pid 6456:tid 1572] [client ::1:54170] PHP   1. {main}() C:\\Python\\www\\www\\Controller\\comandos.php:0
[Tue May 21 20:28:01.104801 2024] [:error] [pid 6456:tid 1572] [client ::1:54170] PHP Notice:  Undefined index: email in C:\\Python\\www\\www\\Controller\\comandos.php on line 6
[Tue May 21 20:28:01.104801 2024] [:error] [pid 6456:tid 1572] [client ::1:54170] PHP Stack trace:
[Tue May 21 20:28:01.104801 2024] [:error] [pid 6456:tid 1572] [client ::1:54170] PHP   1. {main}() C:\\Python\\www\\www\\Controller\\comandos.php:0
[Tue May 21 20:28:01.104801 2024] [:error] [pid 6456:tid 1572] [client ::1:54170] PHP Notice:  Undefined index: senha in C:\\Python\\www\\www\\Controller\\comandos.php on line 7
[Tue May 21 20:28:01.104801 2024] [:error] [pid 6456:tid 1572] [client ::1:54170] PHP Stack trace:
[Tue May 21 20:28:01.104801 2024] [:error] [pid 6456:tid 1572] [client ::1:54170] PHP   1. {main}() C:\\Python\\www\\www\\Controller\\comandos.php:0
[Tue May 21 20:28:01.109799 2024] [:error] [pid 6456:tid 1572] [client ::1:54170] PHP Catchable fatal error:  Object of class PDOStatement could not be converted to string in C:\\Python\\www\\www\\Controller\\comandos.php on line 18
[Tue May 21 20:28:01.109799 2024] [:error] [pid 6456:tid 1572] [client ::1:54170] PHP Stack trace:
[Tue May 21 20:28:01.109799 2024] [:error] [pid 6456:tid 1572] [client ::1:54170] PHP   1. {main}() C:\\Python\\www\\www\\Controller\\comandos.php:0
[Tue May 21 20:28:01.284434 2024] [:error] [pid 6456:tid 1572] [client ::1:54170] PHP Notice:  Undefined index: email in C:\\Python\\www\\www\\Controller\\comandos.php on line 6
[Tue May 21 20:28:01.284434 2024] [:error] [pid 6456:tid 1572] [client ::1:54170] PHP Stack trace:
[Tue May 21 20:28:01.284434 2024] [:error] [pid 6456:tid 1572] [client ::1:54170] PHP   1. {main}() C:\\Python\\www\\www\\Controller\\comandos.php:0
[Tue May 21 20:28:01.284434 2024] [:error] [pid 6456:tid 1572] [client ::1:54170] PHP Notice:  Undefined index: senha in C:\\Python\\www\\www\\Controller\\comandos.php on line 7
[Tue May 21 20:28:01.284434 2024] [:error] [pid 6456:tid 1572] [client ::1:54170] PHP Stack trace:
[Tue May 21 20:28:01.284434 2024] [:error] [pid 6456:tid 1572] [client ::1:54170] PHP   1. {main}() C:\\Python\\www\\www\\Controller\\comandos.php:0
[Tue May 21 20:28:01.285435 2024] [:error] [pid 6456:tid 1572] [client ::1:54170] PHP Catchable fatal error:  Object of class PDOStatement could not be converted to string in C:\\Python\\www\\www\\Controller\\comandos.php on line 18
[Tue May 21 20:28:01.285435 2024] [:error] [pid 6456:tid 1572] [client ::1:54170] PHP Stack trace:
[Tue May 21 20:28:01.285435 2024] [:error] [pid 6456:tid 1572] [client ::1:54170] PHP   1. {main}() C:\\Python\\www\\www\\Controller\\comandos.php:0
[Tue May 21 20:28:01.489210 2024] [:error] [pid 6456:tid 1588] [client ::1:54177] PHP Notice:  Undefined index: email in C:\\Python\\www\\www\\Controller\\comandos.php on line 6
[Tue May 21 20:28:01.490214 2024] [:error] [pid 6456:tid 1588] [client ::1:54177] PHP Stack trace:
[Tue May 21 20:28:01.490214 2024] [:error] [pid 6456:tid 1588] [client ::1:54177] PHP   1. {main}() C:\\Python\\www\\www\\Controller\\comandos.php:0
[Tue May 21 20:28:01.490214 2024] [:error] [pid 6456:tid 1588] [client ::1:54177] PHP Notice:  Undefined index: senha in C:\\Python\\www\\www\\Controller\\comandos.php on line 7
[Tue May 21 20:28:01.490214 2024] [:error] [pid 6456:tid 1588] [client ::1:54177] PHP Stack trace:
[Tue May 21 20:28:01.490214 2024] [:error] [pid 6456:tid 1588] [client ::1:54177] PHP   1. {main}() C:\\Python\\www\\www\\Controller\\comandos.php:0
[Tue May 21 20:28:01.491207 2024] [:error] [pid 6456:tid 1588] [client ::1:54177] PHP Catchable fatal error:  Object of class PDOStatement could not be converted to string in C:\\Python\\www\\www\\Controller\\comandos.php on line 18
[Tue May 21 20:28:01.491207 2024] [:error] [pid 6456:tid 1588] [client ::1:54177] PHP Stack trace:
[Tue May 21 20:28:01.491207 2024] [:error] [pid 6456:tid 1588] [client ::1:54177] PHP   1. {main}() C:\\Python\\www\\www\\Controller\\comandos.php:0
[Tue May 21 20:28:01.672274 2024] [:error] [pid 6456:tid 1588] [client ::1:54177] PHP Notice:  Undefined index: email in C:\\Python\\www\\www\\Controller\\comandos.php on line 6
[Tue May 21 20:28:01.672274 2024] [:error] [pid 6456:tid 1588] [client ::1:54177] PHP Stack trace:
[Tue May 21 20:28:01.672274 2024] [:error] [pid 6456:tid 1588] [client ::1:54177] PHP   1. {main}() C:\\Python\\www\\www\\Controller\\comandos.php:0
[Tue May 21 20:28:01.672274 2024] [:error] [pid 6456:tid 1588] [client ::1:54177] PHP Notice:  Undefined index: senha in C:\\Python\\www\\www\\Controller\\comandos.php on line 7
[Tue May 21 20:28:01.672274 2024] [:error] [pid 6456:tid 1588] [client ::1:54177] PHP Stack trace:
[Tue May 21 20:28:01.672274 2024] [:error] [pid 6456:tid 1588] [client ::1:54177] PHP   1. {main}() C:\\Python\\www\\www\\Controller\\comandos.php:0
[Tue May 21 20:28:01.674274 2024] [:error] [pid 6456:tid 1588] [client ::1:54177] PHP Catchable fatal error:  Object of class PDOStatement could not be converted to string in C:\\Python\\www\\www\\Controller\\comandos.php on line 18
[Tue May 21 20:28:01.674274 2024] [:error] [pid 6456:tid 1588] [client ::1:54177] PHP Stack trace:
[Tue May 21 20:28:01.674274 2024] [:error] [pid 6456:tid 1588] [client ::1:54177] PHP   1. {main}() C:\\Python\\www\\www\\Controller\\comandos.php:0
[Tue May 21 20:28:01.845497 2024] [:error] [pid 6456:tid 1588] [client ::1:54177] PHP Notice:  Undefined index: email in C:\\Python\\www\\www\\Controller\\comandos.php on line 6
[Tue May 21 20:28:01.845497 2024] [:error] [pid 6456:tid 1588] [client ::1:54177] PHP Stack trace:
[Tue May 21 20:28:01.846494 2024] [:error] [pid 6456:tid 1588] [client ::1:54177] PHP   1. {main}() C:\\Python\\www\\www\\Controller\\comandos.php:0
[Tue May 21 20:28:01.846494 2024] [:error] [pid 6456:tid 1588] [client ::1:54177] PHP Notice:  Undefined index: senha in C:\\Python\\www\\www\\Controller\\comandos.php on line 7
[Tue May 21 20:28:01.846494 2024] [:error] [pid 6456:tid 1588] [client ::1:54177] PHP Stack trace:
[Tue May 21 20:28:01.846494 2024] [:error] [pid 6456:tid 1588] [client ::1:54177] PHP   1. {main}() C:\\Python\\www\\www\\Controller\\comandos.php:0
[Tue May 21 20:28:01.847495 2024] [:error] [pid 6456:tid 1588] [client ::1:54177] PHP Catchable fatal error:  Object of class PDOStatement could not be converted to string in C:\\Python\\www\\www\\Controller\\comandos.php on line 18
[Tue May 21 20:28:01.847495 2024] [:error] [pid 6456:tid 1588] [client ::1:54177] PHP Stack trace:
[Tue May 21 20:28:01.847495 2024] [:error] [pid 6456:tid 1588] [client ::1:54177] PHP   1. {main}() C:\\Python\\www\\www\\Controller\\comandos.php:0
[Tue May 21 20:28:02.043642 2024] [:error] [pid 6456:tid 1588] [client ::1:54177] PHP Notice:  Undefined index: email in C:\\Python\\www\\www\\Controller\\comandos.php on line 6
[Tue May 21 20:28:02.043642 2024] [:error] [pid 6456:tid 1588] [client ::1:54177] PHP Stack trace:
[Tue May 21 20:28:02.043642 2024] [:error] [pid 6456:tid 1588] [client ::1:54177] PHP   1. {main}() C:\\Python\\www\\www\\Controller\\comandos.php:0
[Tue May 21 20:28:02.043642 2024] [:error] [pid 6456:tid 1588] [client ::1:54177] PHP Notice:  Undefined index: senha in C:\\Python\\www\\www\\Controller\\comandos.php on line 7
[Tue May 21 20:28:02.043642 2024] [:error] [pid 6456:tid 1588] [client ::1:54177] PHP Stack trace:
[Tue May 21 20:28:02.043642 2024] [:error] [pid 6456:tid 1588] [client ::1:54177] PHP   1. {main}() C:\\Python\\www\\www\\Controller\\comandos.php:0
[Tue May 21 20:28:02.044633 2024] [:error] [pid 6456:tid 1588] [client ::1:54177] PHP Catchable fatal error:  Object of class PDOStatement could not be converted to string in C:\\Python\\www\\www\\Controller\\comandos.php on line 18
[Tue May 21 20:28:02.044633 2024] [:error] [pid 6456:tid 1588] [client ::1:54177] PHP Stack trace:
[Tue May 21 20:28:02.044633 2024] [:error] [pid 6456:tid 1588] [client ::1:54177] PHP   1. {main}() C:\\Python\\www\\www\\Controller\\comandos.php:0
[Tue May 21 20:28:02.217100 2024] [:error] [pid 6456:tid 1588] [client ::1:54177] PHP Notice:  Undefined index: email in C:\\Python\\www\\www\\Controller\\comandos.php on line 6
[Tue May 21 20:28:02.217100 2024] [:error] [pid 6456:tid 1588] [client ::1:54177] PHP Stack trace:
[Tue May 21 20:28:02.217100 2024] [:error] [pid 6456:tid 1588] [client ::1:54177] PHP   1. {main}() C:\\Python\\www\\www\\Controller\\comandos.php:0
[Tue May 21 20:28:02.217100 2024] [:error] [pid 6456:tid 1588] [client ::1:54177] PHP Notice:  Undefined index: senha in C:\\Python\\www\\www\\Controller\\comandos.php on line 7
[Tue May 21 20:28:02.217100 2024] [:error] [pid 6456:tid 1588] [client ::1:54177] PHP Stack trace:
[Tue May 21 20:28:02.217100 2024] [:error] [pid 6456:tid 1588] [client ::1:54177] PHP   1. {main}() C:\\Python\\www\\www\\Controller\\comandos.php:0
[Tue May 21 20:28:02.218097 2024] [:error] [pid 6456:tid 1588] [client ::1:54177] PHP Catchable fatal error:  Object of class PDOStatement could not be converted to string in C:\\Python\\www\\www\\Controller\\comandos.php on line 18
[Tue May 21 20:28:02.218097 2024] [:error] [pid 6456:tid 1588] [client ::1:54177] PHP Stack trace:
[Tue May 21 20:28:02.218097 2024] [:error] [pid 6456:tid 1588] [client ::1:54177] PHP   1. {main}() C:\\Python\\www\\www\\Controller\\comandos.php:0
[Tue May 21 20:28:17.737549 2024] [:error] [pid 6456:tid 1588] [client ::1:54192] PHP Catchable fatal error:  Object of class PDOStatement could not be converted to string in C:\\Python\\www\\www\\Controller\\comandos.php on line 18, referer: http://localhost/View/index.php
[Tue May 21 20:28:17.737549 2024] [:error] [pid 6456:tid 1588] [client ::1:54192] PHP Stack trace:, referer: http://localhost/View/index.php
[Tue May 21 20:28:17.737549 2024] [:error] [pid 6456:tid 1588] [client ::1:54192] PHP   1. {main}() C:\\Python\\www\\www\\Controller\\comandos.php:0, referer: http://localhost/View/index.php
[Tue May 21 20:29:12.667258 2024] [:error] [pid 6456:tid 1588] [client ::1:54210] PHP Catchable fatal error:  Object of class PDOStatement could not be converted to string in C:\\Python\\www\\www\\Controller\\comandos.php on line 18, referer: http://localhost/View/index.php
[Tue May 21 20:29:12.667258 2024] [:error] [pid 6456:tid 1588] [client ::1:54210] PHP Stack trace:, referer: http://localhost/View/index.php
[Tue May 21 20:29:12.667258 2024] [:error] [pid 6456:tid 1588] [client ::1:54210] PHP   1. {main}() C:\\Python\\www\\www\\Controller\\comandos.php:0, referer: http://localhost/View/index.php
[Tue May 21 20:31:06.406351 2024] [:error] [pid 6456:tid 1588] [client ::1:54247] PHP Warning:  PDO::exec() expects exactly 1 parameter, 5 given in C:\\Python\\www\\www\\Controller\\comandos.php on line 14, referer: http://localhost/View/index.php
[Tue May 21 20:31:06.406351 2024] [:error] [pid 6456:tid 1588] [client ::1:54247] PHP Stack trace:, referer: http://localhost/View/index.php
[Tue May 21 20:31:06.406351 2024] [:error] [pid 6456:tid 1588] [client ::1:54247] PHP   1. {main}() C:\\Python\\www\\www\\Controller\\comandos.php:0, referer: http://localhost/View/index.php
[Tue May 21 20:31:06.406351 2024] [:error] [pid 6456:tid 1588] [client ::1:54247] PHP   2. PDO->exec() C:\\Python\\www\\www\\Controller\\comandos.php:14, referer: http://localhost/View/index.php
[Tue May 21 20:31:06.406351 2024] [:error] [pid 6456:tid 1588] [client ::1:54247] PHP Catchable fatal error:  Object of class PDOStatement could not be converted to string in C:\\Python\\www\\www\\Controller\\comandos.php on line 18, referer: http://localhost/View/index.php
[Tue May 21 20:31:06.406351 2024] [:error] [pid 6456:tid 1588] [client ::1:54247] PHP Stack trace:, referer: http://localhost/View/index.php
[Tue May 21 20:31:06.406351 2024] [:error] [pid 6456:tid 1588] [client ::1:54247] PHP   1. {main}() C:\\Python\\www\\www\\Controller\\comandos.php:0, referer: http://localhost/View/index.php
[Tue May 21 20:32:32.569981 2024] [:error] [pid 6456:tid 1588] [client ::1:54298] PHP Warning:  PDO::exec() expects exactly 1 parameter, 5 given in C:\\Python\\www\\www\\Controller\\comandos.php on line 15, referer: http://localhost/View/index.php
[Tue May 21 20:32:32.569981 2024] [:error] [pid 6456:tid 1588] [client ::1:54298] PHP Stack trace:, referer: http://localhost/View/index.php
[Tue May 21 20:32:32.569981 2024] [:error] [pid 6456:tid 1588] [client ::1:54298] PHP   1. {main}() C:\\Python\\www\\www\\Controller\\comandos.php:0, referer: http://localhost/View/index.php
[Tue May 21 20:32:32.569981 2024] [:error] [pid 6456:tid 1588] [client ::1:54298] PHP   2. PDO->exec() C:\\Python\\www\\www\\Controller\\comandos.php:15, referer: http://localhost/View/index.php
[Tue May 21 20:32:32.569981 2024] [:error] [pid 6456:tid 1588] [client ::1:54298] PHP Catchable fatal error:  Object of class PDOStatement could not be converted to string in C:\\Python\\www\\www\\Controller\\comandos.php on line 19, referer: http://localhost/View/index.php
[Tue May 21 20:32:32.569981 2024] [:error] [pid 6456:tid 1588] [client ::1:54298] PHP Stack trace:, referer: http://localhost/View/index.php
[Tue May 21 20:32:32.569981 2024] [:error] [pid 6456:tid 1588] [client ::1:54298] PHP   1. {main}() C:\\Python\\www\\www\\Controller\\comandos.php:0, referer: http://localhost/View/index.php
[Tue May 21 20:32:45.086756 2024] [:error] [pid 6456:tid 1588] [client ::1:54303] PHP Warning:  PDO::exec() expects exactly 1 parameter, 5 given in C:\\Python\\www\\www\\Controller\\comandos.php on line 15, referer: http://localhost/View/index.php
[Tue May 21 20:32:45.086756 2024] [:error] [pid 6456:tid 1588] [client ::1:54303] PHP Stack trace:, referer: http://localhost/View/index.php
[Tue May 21 20:32:45.086756 2024] [:error] [pid 6456:tid 1588] [client ::1:54303] PHP   1. {main}() C:\\Python\\www\\www\\Controller\\comandos.php:0, referer: http://localhost/View/index.php
[Tue May 21 20:32:45.086756 2024] [:error] [pid 6456:tid 1588] [client ::1:54303] PHP   2. PDO->exec() C:\\Python\\www\\www\\Controller\\comandos.php:15, referer: http://localhost/View/index.php
[Tue May 21 20:32:45.086756 2024] [:error] [pid 6456:tid 1588] [client ::1:54303] PHP Catchable fatal error:  Object of class PDOStatement could not be converted to string in C:\\Python\\www\\www\\Controller\\comandos.php on line 19, referer: http://localhost/View/index.php
[Tue May 21 20:32:45.086756 2024] [:error] [pid 6456:tid 1588] [client ::1:54303] PHP Stack trace:, referer: http://localhost/View/index.php
[Tue May 21 20:32:45.086756 2024] [:error] [pid 6456:tid 1588] [client ::1:54303] PHP   1. {main}() C:\\Python\\www\\www\\Controller\\comandos.php:0, referer: http://localhost/View/index.php
[Tue May 21 20:34:29.637560 2024] [:error] [pid 6456:tid 1588] [client ::1:54348] PHP Catchable fatal error:  Object of class PDOStatement could not be converted to string in C:\\Python\\www\\www\\Controller\\comandos.php on line 19, referer: http://localhost/View/index.php
[Tue May 21 20:34:29.637560 2024] [:error] [pid 6456:tid 1588] [client ::1:54348] PHP Stack trace:, referer: http://localhost/View/index.php
[Tue May 21 20:34:29.637560 2024] [:error] [pid 6456:tid 1588] [client ::1:54348] PHP   1. {main}() C:\\Python\\www\\www\\Controller\\comandos.php:0, referer: http://localhost/View/index.php
[Tue May 21 20:45:15.897869 2024] [:error] [pid 6456:tid 1588] [client ::1:54596] PHP Catchable fatal error:  Object of class PDOStatement could not be converted to string in C:\\Python\\www\\www\\Controller\\comandos.php on line 16, referer: http://localhost/View/index.php
[Tue May 21 20:45:15.897869 2024] [:error] [pid 6456:tid 1588] [client ::1:54596] PHP Stack trace:, referer: http://localhost/View/index.php
[Tue May 21 20:45:15.897869 2024] [:error] [pid 6456:tid 1588] [client ::1:54596] PHP   1. {main}() C:\\Python\\www\\www\\Controller\\comandos.php:0, referer: http://localhost/View/index.php
[Tue May 21 20:46:17.139227 2024] [:error] [pid 6456:tid 1588] [client ::1:54617] PHP Catchable fatal error:  Object of class PDOStatement could not be converted to string in C:\\Python\\www\\www\\Controller\\comandos.php on line 16, referer: http://localhost/View/index.php
[Tue May 21 20:46:17.139227 2024] [:error] [pid 6456:tid 1588] [client ::1:54617] PHP Stack trace:, referer: http://localhost/View/index.php
[Tue May 21 20:46:17.139227 2024] [:error] [pid 6456:tid 1588] [client ::1:54617] PHP   1. {main}() C:\\Python\\www\\www\\Controller\\comandos.php:0, referer: http://localhost/View/index.php
[Tue May 21 20:56:01.123219 2024] [:error] [pid 6456:tid 1588] [client ::1:54933] PHP Notice:  Undefined variable: unit1 in C:\\Python\\www\\www\\Controller\\comandos.php on line 10, referer: http://localhost/View/index.php
[Tue May 21 20:56:01.123219 2024] [:error] [pid 6456:tid 1588] [client ::1:54933] PHP Stack trace:, referer: http://localhost/View/index.php
[Tue May 21 20:56:01.123219 2024] [:error] [pid 6456:tid 1588] [client ::1:54933] PHP   1. {main}() C:\\Python\\www\\www\\Controller\\comandos.php:0, referer: http://localhost/View/index.php
[Tue May 21 20:56:21.511650 2024] [:error] [pid 6456:tid 1588] [client ::1:54953] PHP Notice:  Undefined variable: unit1 in C:\\Python\\www\\www\\Controller\\comandos.php on line 10, referer: http://localhost/View/index.php
[Tue May 21 20:56:21.511650 2024] [:error] [pid 6456:tid 1588] [client ::1:54953] PHP Stack trace:, referer: http://localhost/View/index.php
[Tue May 21 20:56:21.511650 2024] [:error] [pid 6456:tid 1588] [client ::1:54953] PHP   1. {main}() C:\\Python\\www\\www\\Controller\\comandos.php:0, referer: http://localhost/View/index.php
[Tue May 21 21:50:31.025527 2024] [:error] [pid 6456:tid 1588] [client ::1:59557] PHP Notice:  Undefined index: senha in C:\\Python\\www\\www\\Controller\\unClasseSql.php on line 7, referer: http://localhost/View/cadastro.html
[Tue May 21 21:50:31.025527 2024] [:error] [pid 6456:tid 1588] [client ::1:59557] PHP Stack trace:, referer: http://localhost/View/cadastro.html
[Tue May 21 21:50:31.025527 2024] [:error] [pid 6456:tid 1588] [client ::1:59557] PHP   1. {main}() C:\\Python\\www\\www\\Controller\\unClasseSql.php:0, referer: http://localhost/View/cadastro.html
[Tue May 21 21:50:35.285632 2024] [:error] [pid 6456:tid 1588] [client ::1:59557] PHP Notice:  Undefined index: senha in C:\\Python\\www\\www\\Controller\\unClasseSql.php on line 7, referer: http://localhost/View/cadastro.html
[Tue May 21 21:50:35.285632 2024] [:error] [pid 6456:tid 1588] [client ::1:59557] PHP Stack trace:, referer: http://localhost/View/cadastro.html
[Tue May 21 21:50:35.285632 2024] [:error] [pid 6456:tid 1588] [client ::1:59557] PHP   1. {main}() C:\\Python\\www\\www\\Controller\\unClasseSql.php:0, referer: http://localhost/View/cadastro.html
[Tue May 21 22:03:37.175502 2024] [:error] [pid 6456:tid 1588] [client ::1:61374] PHP Notice:  Undefined variable: senha in C:\\Python\\www\\www\\Controller\\unClasseSql.php on line 17, referer: http://localhost/View/cadastro.html
[Tue May 21 22:03:37.175502 2024] [:error] [pid 6456:tid 1588] [client ::1:61374] PHP Stack trace:, referer: http://localhost/View/cadastro.html
[Tue May 21 22:03:37.175502 2024] [:error] [pid 6456:tid 1588] [client ::1:61374] PHP   1. {main}() C:\\Python\\www\\www\\Controller\\unClasseSql.php:0, referer: http://localhost/View/cadastro.html
